<?xml version="1.0" encoding="UTF-8"?>
<testsuite xmlns:xsi="http://www.w3.org/2001/XMLSchema-instance" xsi:noNamespaceSchemaLocation="https://maven.apache.org/surefire/maven-surefire-plugin/xsd/surefire-test-report.xsd" name="TestSuite" time="224.028" tests="5" errors="0" skipped="0" failures="4">
  <properties>
[...]
</properties>
  <testcase name="registerWithGoogle" classname="org.RegressionTests.RegisterTests" time="28.005">
    <failure message="Expected condition failed: waiting for value to contain &quot;Next&quot;. (tried for 5 second(s) with 500 milliseconds interval)" type="org.openqa.selenium.TimeoutException">org.openqa.selenium.TimeoutException: Expected condition failed: waiting for value to contain "Next". (tried for 5 second(s) with 500 milliseconds interval)
	at org.RegressionTests.RegisterTests.registerWithGoogle(RegisterTests.java:60)
Caused by: org.openqa.selenium.NoSuchElementException: 
An element could not be located on the page using the given search parameters.
For documentation on this error, please visit: https://www.selenium.dev/documentation/webdriver/troubleshooting/errors#no-such-element-exception
Build info: version: '4.13.0', revision: 'ba948ece5b*'
System info: os.name: 'Mac OS X', os.arch: 'x86_64', os.version: '13.2.1', java.version: '11.0.17'
Driver info: io.appium.java_client.android.AndroidDriver
Command: [875603d9-c963-4be3-b1ff-1e2296f8f20d, findElement {using=xpath, value=//android.widget.Button[@text='Next']}]
Capabilities {appium:app: /Users/dori/Downloads/zooba..., appium:appPackage: com.leanscale.dcafood.zooba..., appium:autoGrantPermissions: true, appium:automationName: UIAutomator2, appium:chromeOptions: {w3c: false}, appium:chromedriverExecutable: /Users/dori/Downloads/zooba..., appium:databaseEnabled: false, appium:desired: {app: /Users/dori/Downloads/zooba..., autoGrantPermissions: true, automationName: UIAutomator2, chromeOptions: {w3c: false}, chromedriverExecutable: /Users/dori/Downloads/zooba..., deviceName: PlayStore, platformName: ANDROID}, appium:deviceApiLevel: 33, appium:deviceManufacturer: Google, appium:deviceModel: sdk_gphone64_arm64, appium:deviceName: emulator-5554, appium:deviceScreenDensity: 440, appium:deviceScreenSize: 1080x2280, appium:deviceUDID: emulator-5554, appium:javascriptEnabled: true, appium:locationContextEnabled: false, appium:networkConnectionEnabled: true, appium:pixelRatio: 2.75, appium:platformVersion: 13, appium:statBarHeight: 66, appium:takesScreenshot: true, appium:viewportRect: {height: 2148, left: 0, top: 66, width: 1080}, appium:warnings: {}, appium:webStorageEnabled: false, platformName: ANDROID}
Session ID: 875603d9-c963-4be3-b1ff-1e2296f8f20d
	at org.RegressionTests.RegisterTests.registerWithGoogle(RegisterTests.java:60)
</failure>
    <system-out><![CDATA[null
&amp#27;[35m[Appium]&amp#27;[39m Welcome to Appium v2.0.1
&amp#27;[35m[Appium]&amp#27;[39m Non-default server args:
&amp#27;[35m[Appium]&amp#27;[39m { port: &amp#27;[33m4724&amp#27;[39m }
&amp#27;[35m[Appium]&amp#27;[39m Attempting to load driver uiautomator2...
[debug] &amp#27;[35m[Appium]&amp#27;[39m Requiring driver at /Users/dori/.appium/node_modules/appium-uiautomator2-driver
[Appium] Appium REST http interface listener started on http://0.0.0.0:4724
[Appium] You can provide the following URLS in your client code to connect to this server:
[Appium] 	http://127.0.0.1:4724/ (only accessible from the same host)
[Appium] 	http://192.168.1.103:4724/
[Appium] Available drivers:
[Appium]   - uiautomator2@2.29.11 (automationName 'UiAutomator2')
[Appium] No plugins have been installed. Use the "appium plugin" command to install the one(s) you want to use.
&amp#27;[38;5;0m[HTTP]&amp#27;[0m &amp#27;[37m-->&amp#27;[39m &amp#27;[37mGET&amp#27;[39m &amp#27;[37m/status&amp#27;[39m
&amp#27;[38;5;0m[HTTP]&amp#27;[0m {}
[debug] &amp#27;[38;5;16m[AppiumDriver@cf1a]&amp#27;[0m Calling AppiumDriver.getStatus() with args: []
[debug] &amp#27;[38;5;16m[AppiumDriver@cf1a]&amp#27;[0m Responding to client with driver.getStatus() result: {"build":{"version":"2.0.1"}}
&amp#27;[38;5;0m[HTTP]&amp#27;[0m <-- GET /status 200 15 ms - 39
&amp#27;[38;5;0m[HTTP]&amp#27;[0m 
[debug] &amp#27;[38;5;0m[HTTP]&amp#27;[0m Request idempotency key: f27f15ba-101e-4f2b-b10a-2fecdd0f213a
&amp#27;[38;5;0m[HTTP]&amp#27;[0m &amp#27;[37m-->&amp#27;[39m &amp#27;[37mPOST&amp#27;[39m &amp#27;[37m/session&amp#27;[39m
&amp#27;[38;5;0m[HTTP]&amp#27;[0m {"capabilities":{"firstMatch":[{}],"alwaysMatch":{"appium:app":"/Users/dori/Downloads/zoobaAutomation-master//src//main//java//org//zoobaApp//Resources//zooba.apk","appium:autoGrantPermissions":true,"appium:automationName":"UIAutomator2","appium:chromeOptions":{"w3c":false},"appium:chromedriverExecutable":"/Users/dori/Downloads/zoobaAutomation-master//src//main//java//org//zoobaApp//TestUtils//Drivers//ChromeDriver//chromedriver.exe","appium:deviceName":"PlayStore","platformName":"ANDROID"}}}
[debug] &amp#27;[38;5;16m[AppiumDriver@cf1a]&amp#27;[0m Calling AppiumDriver.createSession() with args: [null,null,{"firstMatch":[{}],"alwaysMatch":{"appium:app":"/Users/dori/Downloads/zoobaAutomation-master//src//main//java//org//zoobaApp//Resources//zooba.apk","appium:autoGrantPermissions":true,"appium:automationName":"UIAutomator2","appium:chromeOptions":{"w3c":false},"appium:chromedriverExecutable":"/Users/dori/Downloads/zoobaAutomation-master//src//main//java//org//zoobaApp//TestUtils//Drivers//ChromeDriver//chromedriver.exe","appium:deviceName":"PlayStore","platformName":"ANDROID"}}]
[debug] &amp#27;[38;5;16m[AppiumDriver@cf1a]&amp#27;[0m Event 'newSessionRequested' logged at 1696870821781 (20:00:21 GMT+0300 (GMT+03:00))
[Appium] Attempting to find matching driver for automationName 'UIAutomator2' and platformName 'ANDROID'
[Appium] The 'uiautomator2' driver was installed and matched caps.
[Appium] Will require it at /Users/dori/.appium/node_modules/appium-uiautomator2-driver
[debug] [Appium] Requiring driver at /Users/dori/.appium/node_modules/appium-uiautomator2-driver
&amp#27;[38;5;16m[AppiumDriver@cf1a]&amp#27;[0m Appium v2.0.1 creating new AndroidUiautomator2Driver (v2.29.11) session
&amp#27;[38;5;16m[AppiumDriver@cf1a]&amp#27;[0m Checking BaseDriver versions for Appium and AndroidUiautomator2Driver
&amp#27;[38;5;16m[AppiumDriver@cf1a]&amp#27;[0m Appium's BaseDriver version is 9.3.16
&amp#27;[38;5;16m[AppiumDriver@cf1a]&amp#27;[0m AndroidUiautomator2Driver's BaseDriver version is 9.3.16
[debug] &amp#27;[38;5;32m[AndroidUiautomator2Driver@d31a]&amp#27;[0m Creating session with W3C capabilities: {
[debug] &amp#27;[38;5;32m[AndroidUiautomator2Driver@d31a]&amp#27;[0m   "alwaysMatch": {
[debug] &amp#27;[38;5;32m[AndroidUiautomator2Driver@d31a]&amp#27;[0m     "platformName": "ANDROID",
[debug] &amp#27;[38;5;32m[AndroidUiautomator2Driver@d31a]&amp#27;[0m     "appium:app": "/Users/dori/Downloads/zoobaAutomation-master//src//main//java//org//zoobaApp//Resources//zooba.apk",
[debug] &amp#27;[38;5;32m[AndroidUiautomator2Driver@d31a]&amp#27;[0m     "appium:autoGrantPermissions": true,
[debug] &amp#27;[38;5;32m[AndroidUiautomator2Driver@d31a]&amp#27;[0m     "appium:automationName": "UIAutomator2",
[debug] &amp#27;[38;5;32m[AndroidUiautomator2Driver@d31a]&amp#27;[0m     "appium:chromeOptions": {
[debug] &amp#27;[38;5;32m[AndroidUiautomator2Driver@d31a]&amp#27;[0m       "w3c": false
[debug] &amp#27;[38;5;32m[AndroidUiautomator2Driver@d31a]&amp#27;[0m     },
[debug] &amp#27;[38;5;32m[AndroidUiautomator2Driver@d31a]&amp#27;[0m     "appium:chromedriverExecutable": "/Users/dori/Downloads/zoobaAutomation-master//src//main//java//org//zoobaApp//TestUtils//Drivers//ChromeDriver//chromedriver.exe",
[debug] &amp#27;[38;5;32m[AndroidUiautomator2Driver@d31a]&amp#27;[0m     "appium:deviceName": "PlayStore"
[debug] &amp#27;[38;5;32m[AndroidUiautomator2Driver@d31a]&amp#27;[0m   },
[debug] &amp#27;[38;5;32m[AndroidUiautomator2Driver@d31a]&amp#27;[0m   "firstMatch": [
[debug] &amp#27;[38;5;32m[AndroidUiautomator2Driver@d31a]&amp#27;[0m     {}
[debug] &amp#27;[38;5;32m[AndroidUiautomator2Driver@d31a]&amp#27;[0m   ]
[debug] &amp#27;[38;5;32m[AndroidUiautomator2Driver@d31a]&amp#27;[0m }
&amp#27;[38;5;32m[AndroidUiautomator2Driver@d31a]&amp#27;[0m The following capabilities were provided, but are not recognized by Appium:
&amp#27;[38;5;32m[AndroidUiautomator2Driver@d31a]&amp#27;[0m   deviceName
&amp#27;[38;5;32m[AndroidUiautomator2Driver@d31a (875603d9)]&amp#27;[0m Session created with session id: 875603d9-c963-4be3-b1ff-1e2296f8f20d
&amp#27;[38;5;48m[BaseDriver]&amp#27;[0m Using local app '/Users/dori/Downloads/zoobaAutomation-master//src//main//java//org//zoobaApp//Resources//zooba.apk'
[debug] &amp#27;[38;5;32m[AndroidUiautomator2Driver@d31a (875603d9)]&amp#27;[0m Checking whether app is actually present
&amp#27;[38;5;64m[ADB]&amp#27;[0m Found 4 'build-tools' folders under '/Users/dori/Library/Android/sdk' (newest first):
&amp#27;[38;5;64m[ADB]&amp#27;[0m     /Users/dori/Library/Android/sdk/build-tools/33.0.1
&amp#27;[38;5;64m[ADB]&amp#27;[0m     /Users/dori/Library/Android/sdk/build-tools/33.0.0
&amp#27;[38;5;64m[ADB]&amp#27;[0m     /Users/dori/Library/Android/sdk/build-tools/30.0.3
&amp#27;[38;5;64m[ADB]&amp#27;[0m     /Users/dori/Library/Android/sdk/build-tools/30.0.2
&amp#27;[38;5;64m[ADB]&amp#27;[0m Using 'adb' from '/Users/dori/Library/Android/sdk/platform-tools/adb'
[debug] &amp#27;[38;5;64m[ADB]&amp#27;[0m Running '/Users/dori/Library/Android/sdk/platform-tools/adb -P 5037 start-server'
&amp#27;[38;5;80m[AndroidDriver]&amp#27;[0m Retrieving device list
[debug] &amp#27;[38;5;64m[ADB]&amp#27;[0m Trying to find connected Android devices
[debug] &amp#27;[38;5;64m[ADB]&amp#27;[0m Getting connected devices
[debug] &amp#27;[38;5;64m[ADB]&amp#27;[0m Connected devices: [{"udid":"emulator-5554","state":"device"}]
&amp#27;[38;5;80m[AndroidDriver]&amp#27;[0m Using device: emulator-5554
&amp#27;[38;5;64m[ADB]&amp#27;[0m Using 'adb' from '/Users/dori/Library/Android/sdk/platform-tools/adb'
[debug] &amp#27;[38;5;64m[ADB]&amp#27;[0m Running '/Users/dori/Library/Android/sdk/platform-tools/adb -P 5037 start-server'
[debug] &amp#27;[38;5;64m[ADB]&amp#27;[0m Setting device id to emulator-5554
[debug] &amp#27;[38;5;64m[ADB]&amp#27;[0m Running '/Users/dori/Library/Android/sdk/platform-tools/adb -P 5037 -s emulator-5554 shell getprop ro.build.version.sdk'
[debug] &amp#27;[38;5;64m[ADB]&amp#27;[0m Current device property 'ro.build.version.sdk': 33
&amp#27;[38;5;64m[ADB]&amp#27;[0m Getting device platform version
[debug] &amp#27;[38;5;64m[ADB]&amp#27;[0m Running '/Users/dori/Library/Android/sdk/platform-tools/adb -P 5037 -s emulator-5554 shell getprop ro.build.version.release'
[debug] &amp#27;[38;5;64m[ADB]&amp#27;[0m Current device property 'ro.build.version.release': 13
[debug] &amp#27;[38;5;64m[ADB]&amp#27;[0m Device API level: 33
&amp#27;[38;5;32m[AndroidUiautomator2Driver@d31a (875603d9)]&amp#27;[0m Relaxing hidden api policy
[debug] &amp#27;[38;5;64m[ADB]&amp#27;[0m Running '/Users/dori/Library/Android/sdk/platform-tools/adb -P 5037 -s emulator-5554 shell 'settings put global hidden_api_policy_pre_p_apps 1;settings put global hidden_api_policy_p_apps 1;settings put global hidden_api_policy 1''
[debug] &amp#27;[38;5;80m[AndroidDriver]&amp#27;[0m Parsing package and activity from app manifest
&amp#27;[38;5;64m[ADB]&amp#27;[0m Package name: 'com.leanscale.dcafood.zoobaegypt.beta'
&amp#27;[38;5;64m[ADB]&amp#27;[0m Main activity name: 'com.leanscale.dca.sdk.feature.account.splash.SplashActivity'
[debug] &amp#27;[38;5;80m[AndroidDriver]&amp#27;[0m Parsed package and activity are: com.leanscale.dcafood.zoobaegypt.beta/com.leanscale.dca.sdk.feature.account.splash.SplashActivity
[debug] &amp#27;[38;5;64m[ADB]&amp#27;[0m Running '/Users/dori/Library/Android/sdk/platform-tools/adb -P 5037 -s emulator-5554 wait-for-device'
[debug] &amp#27;[38;5;64m[ADB]&amp#27;[0m Running '/Users/dori/Library/Android/sdk/platform-tools/adb -P 5037 -s emulator-5554 shell echo ping'
[debug] &amp#27;[38;5;80m[AndroidDriver]&amp#27;[0m Pushing settings apk to device...
[debug] &amp#27;[38;5;64m[ADB]&amp#27;[0m Getting package info for 'io.appium.settings'
[debug] &amp#27;[38;5;64m[ADB]&amp#27;[0m Running '/Users/dori/Library/Android/sdk/platform-tools/adb -P 5037 -s emulator-5554 shell dumpsys package io.appium.settings'
[debug] &amp#27;[38;5;64m[ADB]&amp#27;[0m The version name of the installed 'io.appium.settings' is greater or equal to the application version name ('5.1.2' >= '5.1.2')
[debug] &amp#27;[38;5;64m[ADB]&amp#27;[0m There is no need to install/upgrade '/Users/dori/.appium/node_modules/appium-uiautomator2-driver/node_modules/io.appium.settings/apks/settings_apk-debug.apk'
[debug] &amp#27;[38;5;64m[ADB]&amp#27;[0m Getting IDs of all 'io.appium.settings' processes
[debug] &amp#27;[38;5;64m[ADB]&amp#27;[0m Running '/Users/dori/Library/Android/sdk/platform-tools/adb -P 5037 -s emulator-5554 shell 'pgrep --help; echo $?''
[debug] &amp#27;[38;5;64m[ADB]&amp#27;[0m Running '/Users/dori/Library/Android/sdk/platform-tools/adb -P 5037 -s emulator-5554 shell pgrep -f \(\[\[:blank:\]\]\|\^\)io\.appium\.settings\(\[\[:blank:\]\]\|\$\)'
[debug] &amp#27;[38;5;80m[AndroidDriver]&amp#27;[0m io.appium.settings is already running. There is no need to reset its permissions.
[debug] &amp#27;[38;5;96m[Logcat]&amp#27;[0m Starting logs capture with command: /Users/dori/Library/Android/sdk/platform-tools/adb -P 5037 -s emulator-5554 logcat -v threadtime
[debug] &amp#27;[38;5;32m[AndroidUiautomator2Driver@d31a (875603d9)]&amp#27;[0m Forwarding UiAutomator2 Server port 6790 to local port 8200
[debug] &amp#27;[38;5;64m[ADB]&amp#27;[0m Forwarding system: 8200 to device: 6790
[debug] &amp#27;[38;5;64m[ADB]&amp#27;[0m Running '/Users/dori/Library/Android/sdk/platform-tools/adb -P 5037 -s emulator-5554 forward tcp:8200 tcp:6790'
[debug] &amp#27;[38;5;64m[ADB]&amp#27;[0m Checking app cert for /Users/dori/.appium/node_modules/appium-uiautomator2-driver/node_modules/appium-uiautomator2-server/apks/appium-uiautomator2-server-v5.12.6.apk
[debug] &amp#27;[38;5;64m[ADB]&amp#27;[0m Checking app cert for /Users/dori/.appium/node_modules/appium-uiautomator2-driver/node_modules/appium-uiautomator2-server/apks/appium-uiautomator2-server-debug-androidTest.apk
&amp#27;[38;5;64m[ADB]&amp#27;[0m Using 'apksigner.jar' from '/Users/dori/Library/Android/sdk/build-tools/33.0.1/lib/apksigner.jar'
[debug] &amp#27;[38;5;64m[ADB]&amp#27;[0m Starting apksigner: /Library/Java/JavaVirtualMachines/jdk-17.0.1.jdk/Contents/Home/bin/java -Xmx1024M -Xss1m -jar /Users/dori/Library/Android/sdk/build-tools/33.0.1/lib/apksigner.jar verify --print-certs /Users/dori/.appium/node_modules/appium-uiautomator2-driver/node_modules/appium-uiautomator2-server/apks/appium-uiautomator2-server-debug-androidTest.apk
[debug] &amp#27;[38;5;64m[ADB]&amp#27;[0m Starting apksigner: /Library/Java/JavaVirtualMachines/jdk-17.0.1.jdk/Contents/Home/bin/java -Xmx1024M -Xss1m -jar /Users/dori/Library/Android/sdk/build-tools/33.0.1/lib/apksigner.jar verify --print-certs /Users/dori/.appium/node_modules/appium-uiautomator2-driver/node_modules/appium-uiautomator2-server/apks/appium-uiautomator2-server-v5.12.6.apk
[debug] &amp#27;[38;5;64m[ADB]&amp#27;[0m apksigner stdout: Signer #1 certificate DN: EMAILADDRESS=android@android.com, CN=Android, OU=Android, O=Android, L=Mountain View, ST=California, C=US
[debug] &amp#27;[38;5;64m[ADB]&amp#27;[0m Signer #1 certificate SHA-256 digest: a40da80a59d170caa950cf15c18c454d47a39b26989d8b640ecd745ba71bf5dc
[debug] &amp#27;[38;5;64m[ADB]&amp#27;[0m Signer #1 certificate SHA-1 digest: 61ed377e85d386a8dfee6b864bd85b0bfaa5af81
[debug] &amp#27;[38;5;64m[ADB]&amp#27;[0m Signer #1 certificate MD5 digest: e89b158e4bcf988ebd09eb83f5378e87
[debug] &amp#27;[38;5;64m[ADB]&amp#27;[0m 
[debug] &amp#27;[38;5;64m[ADB]&amp#27;[0m sha256 hash did match for 'appium-uiautomator2-server-debug-androidTest.apk'
&amp#27;[38;5;64m[ADB]&amp#27;[0m '/Users/dori/.appium/node_modules/appium-uiautomator2-driver/node_modules/appium-uiautomator2-server/apks/appium-uiautomator2-server-debug-androidTest.apk' is signed with the default certificate
[debug] &amp#27;[38;5;64m[ADB]&amp#27;[0m Getting install status for io.appium.uiautomator2.server.test
[debug] &amp#27;[38;5;64m[ADB]&amp#27;[0m Running '/Users/dori/Library/Android/sdk/platform-tools/adb -P 5037 -s emulator-5554 shell pm path io.appium.uiautomator2.server.test'
[debug] &amp#27;[38;5;64m[ADB]&amp#27;[0m 'io.appium.uiautomator2.server.test' is installed
[debug] &amp#27;[38;5;64m[ADB]&amp#27;[0m apksigner stdout: Signer #1 certificate DN: EMAILADDRESS=android@android.com, CN=Android, OU=Android, O=Android, L=Mountain View, ST=California, C=US
[debug] &amp#27;[38;5;64m[ADB]&amp#27;[0m Signer #1 certificate SHA-256 digest: a40da80a59d170caa950cf15c18c454d47a39b26989d8b640ecd745ba71bf5dc
[debug] &amp#27;[38;5;64m[ADB]&amp#27;[0m Signer #1 certificate SHA-1 digest: 61ed377e85d386a8dfee6b864bd85b0bfaa5af81
[debug] &amp#27;[38;5;64m[ADB]&amp#27;[0m Signer #1 certificate MD5 digest: e89b158e4bcf988ebd09eb83f5378e87
[debug] &amp#27;[38;5;64m[ADB]&amp#27;[0m 
[debug] &amp#27;[38;5;64m[ADB]&amp#27;[0m sha256 hash did match for 'appium-uiautomator2-server-v5.12.6.apk'
&amp#27;[38;5;64m[ADB]&amp#27;[0m '/Users/dori/.appium/node_modules/appium-uiautomator2-driver/node_modules/appium-uiautomator2-server/apks/appium-uiautomator2-server-v5.12.6.apk' is signed with the default certificate
[debug] &amp#27;[38;5;64m[ADB]&amp#27;[0m Getting package info for 'io.appium.uiautomator2.server'
[debug] &amp#27;[38;5;64m[ADB]&amp#27;[0m Running '/Users/dori/Library/Android/sdk/platform-tools/adb -P 5037 -s emulator-5554 shell dumpsys package io.appium.uiautomator2.server'
[debug] &amp#27;[38;5;64m[ADB]&amp#27;[0m The version name of the installed 'io.appium.uiautomator2.server' is greater or equal to the application version name ('5.12.6' >= '5.12.6')
[debug] &amp#27;[38;5;32m[AndroidUiautomator2Driver@d31a (875603d9)]&amp#27;[0m Server packages status: [{"wasSigned":true,"installState":"sameVersionInstalled","appPath":"/Users/dori/.appium/node_modules/appium-uiautomator2-driver/node_modules/appium-uiautomator2-server/apks/appium-uiautomator2-server-v5.12.6.apk","appId":"io.appium.uiautomator2.server"},{"wasSigned":true,"installState":"sameVersionInstalled","appPath":"/Users/dori/.appium/node_modules/appium-uiautomator2-driver/node_modules/appium-uiautomator2-server/apks/appium-uiautomator2-server-debug-androidTest.apk","appId":"io.appium.uiautomator2.server.test"}]
&amp#27;[38;5;32m[AndroidUiautomator2Driver@d31a (875603d9)]&amp#27;[0m Server packages are not going to be (re)installed
[debug] &amp#27;[38;5;32m[AndroidUiautomator2Driver@d31a (875603d9)]&amp#27;[0m Waiting up to 30000ms for services to be available
[debug] &amp#27;[38;5;64m[ADB]&amp#27;[0m Running '/Users/dori/Library/Android/sdk/platform-tools/adb -P 5037 -s emulator-5554 shell pm list instrumentation'
[debug] &amp#27;[38;5;32m[AndroidUiautomator2Driver@d31a (875603d9)]&amp#27;[0m Instrumentation target 'io.appium.uiautomator2.server.test/androidx.test.runner.AndroidJUnitRunner' is available
&amp#27;[38;5;64m[ADB]&amp#27;[0m Adding packages ["io.appium.settings","io.appium.uiautomator2.server","io.appium.uiautomator2.server.test"] to Doze whitelist
[debug] &amp#27;[38;5;64m[ADB]&amp#27;[0m Got the following command chunks to execute: [["dumpsys","deviceidle","whitelist","+io.appium.settings",";","dumpsys","deviceidle","whitelist","+io.appium.uiautomator2.server",";","dumpsys","deviceidle","whitelist","+io.appium.uiautomator2.server.test",";"]]
[debug] &amp#27;[38;5;64m[ADB]&amp#27;[0m Running '/Users/dori/Library/Android/sdk/platform-tools/adb -P 5037 -s emulator-5554 shell dumpsys deviceidle whitelist +io.appium.settings ; dumpsys deviceidle whitelist +io.appium.uiautomator2.server ; dumpsys deviceidle whitelist +io.appium.uiautomator2.server.test ;'
[debug] &amp#27;[38;5;64m[ADB]&amp#27;[0m Checking app cert for /Users/dori/Downloads/zoobaAutomation-master//src//main//java//org//zoobaApp//Resources//zooba.apk
[debug] &amp#27;[38;5;64m[ADB]&amp#27;[0m Starting apksigner: /Library/Java/JavaVirtualMachines/jdk-17.0.1.jdk/Contents/Home/bin/java -Xmx1024M -Xss1m -jar /Users/dori/Library/Android/sdk/build-tools/33.0.1/lib/apksigner.jar verify --print-certs /Users/dori/Downloads/zoobaAutomation-master//src//main//java//org//zoobaApp//Resources//zooba.apk
[debug] &amp#27;[38;5;64m[ADB]&amp#27;[0m apksigner stdout: Signer #1 certificate DN: CN=LS, OU=Dca, O=Lean Scale, L=Dubai
[debug] &amp#27;[38;5;64m[ADB]&amp#27;[0m Signer #1 certificate SHA-256 digest: af749546a40a56eb0dc542ad066783e965123ba42c1f656ca955f96836e14fe1
[debug] &amp#27;[38;5;64m[ADB]&amp#27;[0m Signer #1 certificate SHA-1 digest: b8a6736986df073159c6ac72afaeac817996a4bb
[debug] &amp#27;[38;5;64m[ADB]&amp#27;[0m Signer #1 certificate MD5 digest: 27f59e7ab839774b20294cff12e07312
[debug] &amp#27;[38;5;64m[ADB]&amp#27;[0m 
&amp#27;[38;5;64m[ADB]&amp#27;[0m '/Users/dori/Downloads/zoobaAutomation-master//src//main//java//org//zoobaApp//Resources//zooba.apk' is signed with a non-default certificate
[debug] &amp#27;[38;5;64m[ADB]&amp#27;[0m Getting package info for 'com.leanscale.dcafood.zoobaegypt.beta'
[debug] &amp#27;[38;5;64m[ADB]&amp#27;[0m Running '/Users/dori/Library/Android/sdk/platform-tools/adb -P 5037 -s emulator-5554 shell dumpsys package com.leanscale.dcafood.zoobaegypt.beta'
[debug] &amp#27;[38;5;64m[ADB]&amp#27;[0m The version name of the installed 'com.leanscale.dcafood.zoobaegypt.beta' is greater or equal to the application version name ('1.2.0' >= '1.2.0')
[debug] &amp#27;[38;5;64m[ADB]&amp#27;[0m There is no need to install/upgrade '/Users/dori/Downloads/zoobaAutomation-master//src//main//java//org//zoobaApp//Resources//zooba.apk'
&amp#27;[38;5;80m[AndroidDriver]&amp#27;[0m Performing fast reset on 'com.leanscale.dcafood.zoobaegypt.beta'
[debug] &amp#27;[38;5;64m[ADB]&amp#27;[0m Getting install status for com.leanscale.dcafood.zoobaegypt.beta
[debug] &amp#27;[38;5;64m[ADB]&amp#27;[0m Running '/Users/dori/Library/Android/sdk/platform-tools/adb -P 5037 -s emulator-5554 shell pm path com.leanscale.dcafood.zoobaegypt.beta'
[debug] &amp#27;[38;5;64m[ADB]&amp#27;[0m 'com.leanscale.dcafood.zoobaegypt.beta' is installed
[debug] &amp#27;[38;5;64m[ADB]&amp#27;[0m Running '/Users/dori/Library/Android/sdk/platform-tools/adb -P 5037 -s emulator-5554 shell am force-stop com.leanscale.dcafood.zoobaegypt.beta'
[debug] &amp#27;[38;5;64m[ADB]&amp#27;[0m Running '/Users/dori/Library/Android/sdk/platform-tools/adb -P 5037 -s emulator-5554 shell pm clear com.leanscale.dcafood.zoobaegypt.beta'
[debug] &amp#27;[38;5;64m[ADB]&amp#27;[0m Running '/Users/dori/Library/Android/sdk/platform-tools/adb -P 5037 -s emulator-5554 shell dumpsys package com.leanscale.dcafood.zoobaegypt.beta'
[debug] &amp#27;[38;5;64m[ADB]&amp#27;[0m Retrieving requested permissions
[debug] &amp#27;[38;5;64m[ADB]&amp#27;[0m Retrieved 14 permissions from requested group
[debug] &amp#27;[38;5;64m[ADB]&amp#27;[0m Retrieving granted permissions
[debug] &amp#27;[38;5;64m[ADB]&amp#27;[0m Retrieved 10 permissions from install,runtime groups
[debug] &amp#27;[38;5;64m[ADB]&amp#27;[0m Granting permissions ["android.permission.POST_NOTIFICATIONS","android.permission.ACCESS_COARSE_LOCATION","android.permission.CAMERA","android.permission.ACCESS_FINE_LOCATION"] to 'com.leanscale.dcafood.zoobaegypt.beta'
[debug] &amp#27;[38;5;64m[ADB]&amp#27;[0m Got the following command chunks to execute: [["pm","grant","com.leanscale.dcafood.zoobaegypt.beta","android.permission.POST_NOTIFICATIONS",";","pm","grant","com.leanscale.dcafood.zoobaegypt.beta","android.permission.ACCESS_COARSE_LOCATION",";","pm","grant","com.leanscale.dcafood.zoobaegypt.beta","android.permission.CAMERA",";","pm","grant","com.leanscale.dcafood.zoobaegypt.beta","android.permission.ACCESS_FINE_LOCATION",";"]]
[debug] &amp#27;[38;5;64m[ADB]&amp#27;[0m Running '/Users/dori/Library/Android/sdk/platform-tools/adb -P 5037 -s emulator-5554 shell pm grant com.leanscale.dcafood.zoobaegypt.beta android.permission.POST_NOTIFICATIONS ; pm grant com.leanscale.dcafood.zoobaegypt.beta android.permission.ACCESS_COARSE_LOCATION ; pm grant com.leanscale.dcafood.zoobaegypt.beta android.permission.CAMERA ; pm grant com.leanscale.dcafood.zoobaegypt.beta android.permission.ACCESS_FINE_LOCATION ;'
[debug] &amp#27;[38;5;80m[AndroidDriver]&amp#27;[0m Performed fast reset on the installed 'com.leanscale.dcafood.zoobaegypt.beta' application (stop and clear)
[debug] &amp#27;[38;5;32m[AndroidUiautomator2Driver@d31a (875603d9)]&amp#27;[0m Performing shallow cleanup of automation leftovers
[debug] &amp#27;[38;5;32m[AndroidUiautomator2Driver@d31a (875603d9)]&amp#27;[0m No obsolete sessions have been detected (socket hang up)
[debug] &amp#27;[38;5;64m[ADB]&amp#27;[0m Running '/Users/dori/Library/Android/sdk/platform-tools/adb -P 5037 -s emulator-5554 shell am force-stop io.appium.uiautomator2.server.test'
&amp#27;[38;5;32m[AndroidUiautomator2Driver@d31a (875603d9)]&amp#27;[0m Starting UIAutomator2 server 5.12.6
&amp#27;[38;5;32m[AndroidUiautomator2Driver@d31a (875603d9)]&amp#27;[0m Using UIAutomator2 server from '/Users/dori/.appium/node_modules/appium-uiautomator2-driver/node_modules/appium-uiautomator2-server/apks/appium-uiautomator2-server-v5.12.6.apk' and test from '/Users/dori/.appium/node_modules/appium-uiautomator2-driver/node_modules/appium-uiautomator2-server/apks/appium-uiautomator2-server-debug-androidTest.apk'
&amp#27;[38;5;32m[AndroidUiautomator2Driver@d31a (875603d9)]&amp#27;[0m Waiting up to 30000ms for UiAutomator2 to be online...
[debug] &amp#27;[38;5;64m[ADB]&amp#27;[0m Creating ADB subprocess with args: ["-P","5037","-s","emulator-5554","shell","am","instrument","-w","-e","disableAnalytics",true,"io.appium.uiautomator2.server.test/androidx.test.runner.AndroidJUnitRunner"]
[debug] &amp#27;[38;5;32m[AndroidUiautomator2Driver@d31a (875603d9)]&amp#27;[0m Matched '/status' to command name 'getStatus'
[debug] &amp#27;[38;5;32m[AndroidUiautomator2Driver@d31a (875603d9)]&amp#27;[0m Proxying [GET /status] to [GET http://127.0.0.1:8200/status] with no body
&amp#27;[38;5;32m[AndroidUiautomator2Driver@d31a (875603d9)]&amp#27;[0m socket hang up
[debug] &amp#27;[38;5;112m[Instrumentation]&amp#27;[0m io.appium.uiautomator2.server.test.AppiumUiAutomator2Server:
[debug] &amp#27;[38;5;32m[AndroidUiautomator2Driver@d31a (875603d9)]&amp#27;[0m Matched '/status' to command name 'getStatus'
[debug] &amp#27;[38;5;32m[AndroidUiautomator2Driver@d31a (875603d9)]&amp#27;[0m Proxying [GET /status] to [GET http://127.0.0.1:8200/status] with no body
&amp#27;[38;5;32m[AndroidUiautomator2Driver@d31a (875603d9)]&amp#27;[0m socket hang up
[debug] &amp#27;[38;5;32m[AndroidUiautomator2Driver@d31a (875603d9)]&amp#27;[0m Matched '/status' to command name 'getStatus'
[debug] &amp#27;[38;5;32m[AndroidUiautomator2Driver@d31a (875603d9)]&amp#27;[0m Proxying [GET /status] to [GET http://127.0.0.1:8200/status] with no body
[debug] &amp#27;[38;5;32m[AndroidUiautomator2Driver@d31a (875603d9)]&amp#27;[0m Got response with status 200: {"sessionId":"None","value":{"message":"UiAutomator2 Server is ready to accept commands","ready":true}}
[debug] &amp#27;[38;5;32m[AndroidUiautomator2Driver@d31a (875603d9)]&amp#27;[0m The initialization of the instrumentation process took 2110ms
[debug] &amp#27;[38;5;32m[AndroidUiautomator2Driver@d31a (875603d9)]&amp#27;[0m Matched '/session' to command name 'createSession'
[debug] &amp#27;[38;5;32m[AndroidUiautomator2Driver@d31a (875603d9)]&amp#27;[0m Proxying [POST /session] to [POST http://127.0.0.1:8200/session] with body: {"capabilities":{"firstMatch":[{"platform":"LINUX","webStorageEnabled":false,"takesScreenshot":true,"javascriptEnabled":true,"databaseEnabled":false,"networkConnectionEnabled":true,"locationContextEnabled":false,"warnings":{},"desired":{"platformName":"ANDROID","app":"/Users/dori/Downloads/zoobaAutomation-master//src//main//java//org//zoobaApp//Resources//zooba.apk","autoGrantPermissions":true,"automationName":"UIAutomator2","chromeOptions":{"w3c":false},"chromedriverExecutable":"/Users/dori/Downloads/zoobaAutomation-master//src//main//java//org//zoobaApp//TestUtils//Drivers//ChromeDriver//chromedriver.exe","deviceName":"PlayStore"},"platformName":"ANDROID","app":"/Users/dori/Downloads/zoobaAutomation-master//src//main//java//org//zoobaApp//Resources//zooba.apk","autoGrantPermissions":true,"automationName":"UIAutomator2","chromeOptions":{"w3c":false},"chromedriverExecutable":"/Users/dori/Downloads/zoobaAutomation-master//src//main//java//org//zoobaApp//TestUtils//Drivers//ChromeDriver//chromedriver.exe","d...
[debug] &amp#27;[38;5;32m[AndroidUiautomator2Driver@d31a (875603d9)]&amp#27;[0m Got response with status 200: {"sessionId":"e3a29cb9-2bec-47c4-894c-84d6b3d1bd91","value":{"capabilities":{"firstMatch":[{"platform":"LINUX","webStorageEnabled":false,"takesScreenshot":true,"javascriptEnabled":true,"databaseEnabled":false,"networkConnectionEnabled":true,"locationContextEnabled":false,"warnings":{},"desired":{"platformName":"ANDROID","app":"/Users/dori/Downloads/zoobaAutomation-master//src//main//java//org//zoobaApp//Resources//zooba.apk","autoGrantPermissions":true,"automationName":"UIAutomator2","chromeOptions":{"w3c":false},"chromedriverExecutable":"/Users/dori/Downloads/zoobaAutomation-master//src//main//java//org//zoobaApp//TestUtils//Drivers//ChromeDriver//chromedriver.exe","deviceName":"PlayStore"},"platformName":"ANDROID","app":"/Users/dori/Downloads/zoobaAutomation-master//src//main//java//org//zoobaApp//Resources//zooba.apk","autoGrantPermissions":true,"automationName":"UIAutomator2","chromeOptions":{"w3c":false},"chromedriverExecutable":"/Users/dori/Downloads/zoobaAutomation-master//src//main//java//org//zoob...
&amp#27;[38;5;32m[AndroidUiautomator2Driver@d31a (875603d9)]&amp#27;[0m Determined the downstream protocol as 'W3C'
[debug] &amp#27;[38;5;32m[AndroidUiautomator2Driver@d31a (875603d9)]&amp#27;[0m Proxying [GET /appium/device/info] to [GET http://127.0.0.1:8200/session/e3a29cb9-2bec-47c4-894c-84d6b3d1bd91/appium/device/info] with no body
[debug] &amp#27;[38;5;32m[AndroidUiautomator2Driver@d31a (875603d9)]&amp#27;[0m Got response with status 200: {"sessionId":"e3a29cb9-2bec-47c4-894c-84d6b3d1bd91","value":{"androidId":"eec1320f1000e146","apiVersion":"33","bluetooth":{"state":"ON"},"brand":"google","carrierName":"T-Mobile","displayDensity":440,"locale":"en_US","manufacturer":"Google","model":"sdk_gphone64_arm64","networks":[{"capabilities":{"SSID":null,"linkDownBandwidthKbps":4300,"linkUpstreamBandwidthKbps":1800,"networkCapabilities":"NET_CAPABILITY_MMS,NET_CAPABILITY_SUPL,NET_CAPABILITY_DUN,NET_CAPABILITY_FOTA,NET_CAPABILITY_IMS,NET_CAPABILITY_CBS,NET_CAPABILITY_INTERNET,NET_CAPABILITY_NOT_RESTRICTED,NET_CAPABILITY_TRUSTED,NET_CAPABILITY_NOT_VPN,NET_CAPABILITY_VALIDATED,NET_CAPABILITY_NOT_ROAMING,NET_CAPABILITY_NOT_CONGESTED,NET_CAPABILITY_NOT_SUSPENDED","signalStrength":-2147483648,"transportTypes":"TRANSPORT_CELLULAR"},"detailedState":"CONNECTED","extraInfo":"epc.tmobile.com","isAvailable":true,"isConnected":true,"isFailover":false,"isRoaming":false,"state":"CONNECTED","subtype":10,"subtypeName":"HSPA","type":0,"typeName":"MOBILE"},{"capabilitie...
[debug] &amp#27;[38;5;64m[ADB]&amp#27;[0m Running '/Users/dori/Library/Android/sdk/platform-tools/adb -P 5037 -s emulator-5554 shell dumpsys window'
&amp#27;[38;5;80m[AndroidDriver]&amp#27;[0m Screen already unlocked, doing nothing
&amp#27;[38;5;32m[AndroidUiautomator2Driver@d31a (875603d9)]&amp#27;[0m Starting 'com.leanscale.dcafood.zoobaegypt.beta/com.leanscale.dca.sdk.feature.account.splash.SplashActivity and waiting for 'com.leanscale.dcafood.zoobaegypt.beta/com.leanscale.dca.sdk.feature.account.splash.SplashActivity'
[debug] &amp#27;[38;5;64m[ADB]&amp#27;[0m Running '/Users/dori/Library/Android/sdk/platform-tools/adb -P 5037 -s emulator-5554 shell am start -W -n com.leanscale.dcafood.zoobaegypt.beta/com.leanscale.dca.sdk.feature.account.splash.SplashActivity -S -a android.intent.action.MAIN -c android.intent.category.LAUNCHER -f 0x10200000'
[debug] &amp#27;[38;5;64m[ADB]&amp#27;[0m Waiting up to 20000ms for activity matching pkg: 'com.leanscale.dcafood.zoobaegypt.beta' and activity: 'com.leanscale.dca.sdk.feature.account.splash.SplashActivity' to be focused
[debug] &amp#27;[38;5;64m[ADB]&amp#27;[0m Possible activities, to be checked: 'com.leanscale.dca.sdk.feature.account.splash.SplashActivity', 'com.leanscale.dcafood.zoobaegypt.beta.com.leanscale.dca.sdk.feature.account.splash.SplashActivity'
[debug] &amp#27;[38;5;64m[ADB]&amp#27;[0m Getting focused package and activity
[debug] &amp#27;[38;5;64m[ADB]&amp#27;[0m Running '/Users/dori/Library/Android/sdk/platform-tools/adb -P 5037 -s emulator-5554 shell dumpsys window displays'
[debug] &amp#27;[38;5;64m[ADB]&amp#27;[0m Found package: 'com.leanscale.dcafood.zoobaegypt.beta' and fully qualified activity name : 'com.leanscale.dca.sdk.feature.account.splash.SplashActivity'
[debug] &amp#27;[38;5;32m[AndroidUiautomator2Driver@d31a (875603d9)]&amp#27;[0m Proxying [GET /appium/device/pixel_ratio] to [GET http://127.0.0.1:8200/session/e3a29cb9-2bec-47c4-894c-84d6b3d1bd91/appium/device/pixel_ratio] with no body
[debug] &amp#27;[38;5;32m[AndroidUiautomator2Driver@d31a (875603d9)]&amp#27;[0m Got response with status 200: {"sessionId":"e3a29cb9-2bec-47c4-894c-84d6b3d1bd91","value":2.75}
[debug] &amp#27;[38;5;32m[AndroidUiautomator2Driver@d31a (875603d9)]&amp#27;[0m Matched '/appium/device/system_bars' to command name 'getSystemBars'
[debug] &amp#27;[38;5;32m[AndroidUiautomator2Driver@d31a (875603d9)]&amp#27;[0m Proxying [GET /appium/device/system_bars] to [GET http://127.0.0.1:8200/session/e3a29cb9-2bec-47c4-894c-84d6b3d1bd91/appium/device/system_bars] with no body
[debug] &amp#27;[38;5;32m[AndroidUiautomator2Driver@d31a (875603d9)]&amp#27;[0m Got response with status 200: {"sessionId":"e3a29cb9-2bec-47c4-894c-84d6b3d1bd91","value":{"statusBar":66}}
[debug] &amp#27;[38;5;32m[AndroidUiautomator2Driver@d31a (875603d9)]&amp#27;[0m Matched '/window/current/size' to command name 'getWindowSize'
[debug] &amp#27;[38;5;32m[AndroidUiautomator2Driver@d31a (875603d9)]&amp#27;[0m Proxying [GET /window/current/size] to [GET http://127.0.0.1:8200/session/e3a29cb9-2bec-47c4-894c-84d6b3d1bd91/window/current/size] with no body
[debug] &amp#27;[38;5;32m[AndroidUiautomator2Driver@d31a (875603d9)]&amp#27;[0m Got response with status 200: {"sessionId":"e3a29cb9-2bec-47c4-894c-84d6b3d1bd91","value":{"height":2214,"width":1080}}
&amp#27;[38;5;16m[AppiumDriver@cf1a]&amp#27;[0m New AndroidUiautomator2Driver session created successfully, session 875603d9-c963-4be3-b1ff-1e2296f8f20d added to master session list
[debug] &amp#27;[38;5;16m[AppiumDriver@cf1a]&amp#27;[0m Event 'newSessionStarted' logged at 1696870828131 (20:00:28 GMT+0300 (GMT+03:00))
[debug] &amp#27;[38;5;32m[AndroidUiautomator2Driver@d31a (875603d9)]&amp#27;[0m Cached the protocol value 'W3C' for the new session 875603d9-c963-4be3-b1ff-1e2296f8f20d
[debug] &amp#27;[38;5;32m[AndroidUiautomator2Driver@d31a (875603d9)]&amp#27;[0m Responding to client with driver.createSession() result: {"capabilities":{"platform":"LINUX","webStorageEnabled":false,"takesScreenshot":true,"javascriptEnabled":true,"databaseEnabled":false,"networkConnectionEnabled":true,"locationContextEnabled":false,"warnings":{},"desired":{"platformName":"ANDROID","app":"/Users/dori/Downloads/zoobaAutomation-master//src//main//java//org//zoobaApp//Resources//zooba.apk","autoGrantPermissions":true,"automationName":"UIAutomator2","chromeOptions":{"w3c":false},"chromedriverExecutable":"/Users/dori/Downloads/zoobaAutomation-master//src//main//java//org//zoobaApp//TestUtils//Drivers//ChromeDriver//chromedriver.exe","deviceName":"PlayStore"},"platformName":"ANDROID","app":"/Users/dori/Downloads/zoobaAutomation-master//src//main//java//org//zoobaApp//Resources//zooba.apk","autoGrantPermissions":true,"automationName":"UIAutomator2","chromeOptions":{"w3c":false},"chromedriverExecutable":"/Users/dori/Downloads/zoobaAutomation-master//src//main//java//org//zoobaApp//TestUtils//Drivers//ChromeDriver//chromedriver.exe","deviceName":"emu...
&amp#27;[38;5;0m[HTTP]&amp#27;[0m <-- POST /session 200 6361 ms - 1441
&amp#27;[38;5;0m[HTTP]&amp#27;[0m 
&amp#27;[38;5;0m[HTTP]&amp#27;[0m &amp#27;[37m-->&amp#27;[39m &amp#27;[37mPOST&amp#27;[39m &amp#27;[37m/session/875603d9-c963-4be3-b1ff-1e2296f8f20d/timeouts&amp#27;[39m
&amp#27;[38;5;0m[HTTP]&amp#27;[0m {"implicit":10000}
[debug] &amp#27;[38;5;32m[AndroidUiautomator2Driver@d31a (875603d9)]&amp#27;[0m Calling AppiumDriver.timeouts() with args: [null,null,null,null,10000,"875603d9-c963-4be3-b1ff-1e2296f8f20d"]
[debug] &amp#27;[38;5;32m[AndroidUiautomator2Driver@d31a (875603d9)]&amp#27;[0m W3C timeout argument: {"implicit":10000}}
[debug] &amp#27;[38;5;32m[AndroidUiautomator2Driver@d31a (875603d9)]&amp#27;[0m Set implicit wait to 10000ms
[debug] &amp#27;[38;5;32m[AndroidUiautomator2Driver@d31a (875603d9)]&amp#27;[0m Responding to client with driver.timeouts() result: null
&amp#27;[38;5;0m[HTTP]&amp#27;[0m <-- POST /session/875603d9-c963-4be3-b1ff-1e2296f8f20d/timeouts 200 5 ms - 14
&amp#27;[38;5;0m[HTTP]&amp#27;[0m 
&amp#27;[38;5;0m[HTTP]&amp#27;[0m &amp#27;[37m-->&amp#27;[39m &amp#27;[37mPOST&amp#27;[39m &amp#27;[37m/session/875603d9-c963-4be3-b1ff-1e2296f8f20d/element&amp#27;[39m
&amp#27;[38;5;0m[HTTP]&amp#27;[0m {"using":"id","value":"com.leanscale.dcafood.zoobaegypt.beta:id/buttonLater"}
[debug] &amp#27;[38;5;32m[AndroidUiautomator2Driver@d31a (875603d9)]&amp#27;[0m Calling AppiumDriver.findElement() with args: ["id","com.leanscale.dcafood.zoobaegypt.beta:id/buttonLater","875603d9-c963-4be3-b1ff-1e2296f8f20d"]
[debug] &amp#27;[38;5;32m[AndroidUiautomator2Driver@d31a (875603d9)]&amp#27;[0m Valid locator strategies for this request: xpath, id, class name, accessibility id, css selector, -android uiautomator
[debug] &amp#27;[38;5;32m[AndroidUiautomator2Driver@d31a (875603d9)]&amp#27;[0m Waiting up to 10000 ms for condition
[debug] &amp#27;[38;5;32m[AndroidUiautomator2Driver@d31a (875603d9)]&amp#27;[0m Matched '/element' to command name 'findElement'
[debug] &amp#27;[38;5;32m[AndroidUiautomator2Driver@d31a (875603d9)]&amp#27;[0m Proxying [POST /element] to [POST http://127.0.0.1:8200/session/e3a29cb9-2bec-47c4-894c-84d6b3d1bd91/element] with body: {"strategy":"id","selector":"com.leanscale.dcafood.zoobaegypt.beta:id/buttonLater","context":"","multiple":false}
&amp#27;[38;5;32m[AndroidUiautomator2Driver@d31a (875603d9)]&amp#27;[0m Got response with status 404: {"sessionId":"e3a29cb9-2bec-47c4-894c-84d6b3d1bd91","value":{"error":"no such element","message":"An element could not be located on the page using the given search parameters","stacktrace":"io.appium.uiautomator2.common.exceptions.ElementNotFoundException: An element could not be located on the page using the given search parameters\n\tat io.appium.uiautomator2.handler.FindElement.safeHandle(FindElement.java:63)\n\tat io.appium.uiautomator2.handler.request.SafeRequestHandler.handle(SafeRequestHandler.java:59)\n\tat io.appium.uiautomator2.server.AppiumServlet.handleRequest(AppiumServlet.java:277)\n\tat io.appium.uiautomator2.server.AppiumServlet.handleHttpRequest(AppiumServlet.java:271)\n\tat io.appium.uiautomator2.http.ServerHandler.channelRead(ServerHandler.java:77)\n\tat io.netty.channel.AbstractChannelHandlerContext.invokeChannelRead(AbstractChannelHandlerContext.java:366)\n\tat io.netty.channel.AbstractChannelHandlerContext.invokeChannelRead(AbstractChannelHandlerContext.java:352)\n\tat io.netty.chann...
[debug] &amp#27;[38;5;128m[W3C]&amp#27;[0m Matched W3C error code 'no such element' to NoSuchElementError
[debug] &amp#27;[38;5;32m[AndroidUiautomator2Driver@d31a (875603d9)]&amp#27;[0m Waited for 28 ms so far
[debug] &amp#27;[38;5;32m[AndroidUiautomator2Driver@d31a (875603d9)]&amp#27;[0m Matched '/element' to command name 'findElement'
[debug] &amp#27;[38;5;32m[AndroidUiautomator2Driver@d31a (875603d9)]&amp#27;[0m Proxying [POST /element] to [POST http://127.0.0.1:8200/session/e3a29cb9-2bec-47c4-894c-84d6b3d1bd91/element] with body: {"strategy":"id","selector":"com.leanscale.dcafood.zoobaegypt.beta:id/buttonLater","context":"","multiple":false}
&amp#27;[38;5;32m[AndroidUiautomator2Driver@d31a (875603d9)]&amp#27;[0m Got response with status 404: {"sessionId":"e3a29cb9-2bec-47c4-894c-84d6b3d1bd91","value":{"error":"no such element","message":"An element could not be located on the page using the given search parameters","stacktrace":"io.appium.uiautomator2.common.exceptions.ElementNotFoundException: An element could not be located on the page using the given search parameters\n\tat io.appium.uiautomator2.handler.FindElement.safeHandle(FindElement.java:63)\n\tat io.appium.uiautomator2.handler.request.SafeRequestHandler.handle(SafeRequestHandler.java:59)\n\tat io.appium.uiautomator2.server.AppiumServlet.handleRequest(AppiumServlet.java:277)\n\tat io.appium.uiautomator2.server.AppiumServlet.handleHttpRequest(AppiumServlet.java:271)\n\tat io.appium.uiautomator2.http.ServerHandler.channelRead(ServerHandler.java:77)\n\tat io.netty.channel.AbstractChannelHandlerContext.invokeChannelRead(AbstractChannelHandlerContext.java:366)\n\tat io.netty.channel.AbstractChannelHandlerContext.invokeChannelRead(AbstractChannelHandlerContext.java:352)\n\tat io.netty.chann...
[debug] &amp#27;[38;5;128m[W3C]&amp#27;[0m Matched W3C error code 'no such element' to NoSuchElementError
[debug] &amp#27;[38;5;32m[AndroidUiautomator2Driver@d31a (875603d9)]&amp#27;[0m Waited for 555 ms so far
[debug] &amp#27;[38;5;32m[AndroidUiautomator2Driver@d31a (875603d9)]&amp#27;[0m Matched '/element' to command name 'findElement'
[debug] &amp#27;[38;5;32m[AndroidUiautomator2Driver@d31a (875603d9)]&amp#27;[0m Proxying [POST /element] to [POST http://127.0.0.1:8200/session/e3a29cb9-2bec-47c4-894c-84d6b3d1bd91/element] with body: {"strategy":"id","selector":"com.leanscale.dcafood.zoobaegypt.beta:id/buttonLater","context":"","multiple":false}
[debug] &amp#27;[38;5;32m[AndroidUiautomator2Driver@d31a (875603d9)]&amp#27;[0m Got response with status 200: {"sessionId":"e3a29cb9-2bec-47c4-894c-84d6b3d1bd91","value":{"ELEMENT":"00000000-0000-0090-ffff-ffff00000013","element-6066-11e4-a52e-4f735466cecf":"00000000-0000-0090-ffff-ffff00000013"}}
[debug] &amp#27;[38;5;32m[AndroidUiautomator2Driver@d31a (875603d9)]&amp#27;[0m Responding to client with driver.findElement() result: {"element-6066-11e4-a52e-4f735466cecf":"00000000-0000-0090-ffff-ffff00000013","ELEMENT":"00000000-0000-0090-ffff-ffff00000013"}
&amp#27;[38;5;0m[HTTP]&amp#27;[0m <-- POST /session/875603d9-c963-4be3-b1ff-1e2296f8f20d/element 200 1262 ms - 137
&amp#27;[38;5;0m[HTTP]&amp#27;[0m 
&amp#27;[38;5;0m[HTTP]&amp#27;[0m &amp#27;[37m-->&amp#27;[39m &amp#27;[37mPOST&amp#27;[39m &amp#27;[37m/session/875603d9-c963-4be3-b1ff-1e2296f8f20d/element/00000000-0000-0090-ffff-ffff00000013/click&amp#27;[39m
&amp#27;[38;5;0m[HTTP]&amp#27;[0m {"id":"00000000-0000-0090-ffff-ffff00000013"}
[debug] &amp#27;[38;5;32m[AndroidUiautomator2Driver@d31a (875603d9)]&amp#27;[0m Calling AppiumDriver.click() with args: ["00000000-0000-0090-ffff-ffff00000013","875603d9-c963-4be3-b1ff-1e2296f8f20d"]
[debug] &amp#27;[38;5;32m[AndroidUiautomator2Driver@d31a (875603d9)]&amp#27;[0m Matched '/element/00000000-0000-0090-ffff-ffff00000013/click' to command name 'click'
[debug] &amp#27;[38;5;32m[AndroidUiautomator2Driver@d31a (875603d9)]&amp#27;[0m Proxying [POST /element/00000000-0000-0090-ffff-ffff00000013/click] to [POST http://127.0.0.1:8200/session/e3a29cb9-2bec-47c4-894c-84d6b3d1bd91/element/00000000-0000-0090-ffff-ffff00000013/click] with body: {"element":"00000000-0000-0090-ffff-ffff00000013"}
[debug] &amp#27;[38;5;32m[AndroidUiautomator2Driver@d31a (875603d9)]&amp#27;[0m Got response with status 200: {"sessionId":"e3a29cb9-2bec-47c4-894c-84d6b3d1bd91","value":null}
[debug] &amp#27;[38;5;32m[AndroidUiautomator2Driver@d31a (875603d9)]&amp#27;[0m Responding to client with driver.click() result: null
&amp#27;[38;5;0m[HTTP]&amp#27;[0m <-- POST /session/875603d9-c963-4be3-b1ff-1e2296f8f20d/element/00000000-0000-0090-ffff-ffff00000013/click 200 51 ms - 14
&amp#27;[38;5;0m[HTTP]&amp#27;[0m 
&amp#27;[38;5;0m[HTTP]&amp#27;[0m &amp#27;[37m-->&amp#27;[39m &amp#27;[37mPOST&amp#27;[39m &amp#27;[37m/session/875603d9-c963-4be3-b1ff-1e2296f8f20d/element&amp#27;[39m
&amp#27;[38;5;0m[HTTP]&amp#27;[0m {"using":"id","value":"com.leanscale.dcafood.zoobaegypt.beta:id/buttonLogin"}
[debug] &amp#27;[38;5;32m[AndroidUiautomator2Driver@d31a (875603d9)]&amp#27;[0m Calling AppiumDriver.findElement() with args: ["id","com.leanscale.dcafood.zoobaegypt.beta:id/buttonLogin","875603d9-c963-4be3-b1ff-1e2296f8f20d"]
[debug] &amp#27;[38;5;32m[AndroidUiautomator2Driver@d31a (875603d9)]&amp#27;[0m Valid locator strategies for this request: xpath, id, class name, accessibility id, css selector, -android uiautomator
[debug] &amp#27;[38;5;32m[AndroidUiautomator2Driver@d31a (875603d9)]&amp#27;[0m Waiting up to 10000 ms for condition
[debug] &amp#27;[38;5;32m[AndroidUiautomator2Driver@d31a (875603d9)]&amp#27;[0m Matched '/element' to command name 'findElement'
[debug] &amp#27;[38;5;32m[AndroidUiautomator2Driver@d31a (875603d9)]&amp#27;[0m Proxying [POST /element] to [POST http://127.0.0.1:8200/session/e3a29cb9-2bec-47c4-894c-84d6b3d1bd91/element] with body: {"strategy":"id","selector":"com.leanscale.dcafood.zoobaegypt.beta:id/buttonLogin","context":"","multiple":false}
&amp#27;[38;5;32m[AndroidUiautomator2Driver@d31a (875603d9)]&amp#27;[0m Got response with status 404: {"sessionId":"e3a29cb9-2bec-47c4-894c-84d6b3d1bd91","value":{"error":"no such element","message":"An element could not be located on the page using the given search parameters","stacktrace":"io.appium.uiautomator2.common.exceptions.ElementNotFoundException: An element could not be located on the page using the given search parameters\n\tat io.appium.uiautomator2.handler.FindElement.safeHandle(FindElement.java:63)\n\tat io.appium.uiautomator2.handler.request.SafeRequestHandler.handle(SafeRequestHandler.java:59)\n\tat io.appium.uiautomator2.server.AppiumServlet.handleRequest(AppiumServlet.java:277)\n\tat io.appium.uiautomator2.server.AppiumServlet.handleHttpRequest(AppiumServlet.java:271)\n\tat io.appium.uiautomator2.http.ServerHandler.channelRead(ServerHandler.java:77)\n\tat io.netty.channel.AbstractChannelHandlerContext.invokeChannelRead(AbstractChannelHandlerContext.java:366)\n\tat io.netty.channel.AbstractChannelHandlerContext.invokeChannelRead(AbstractChannelHandlerContext.java:352)\n\tat io.netty.chann...
[debug] &amp#27;[38;5;128m[W3C]&amp#27;[0m Matched W3C error code 'no such element' to NoSuchElementError
[debug] &amp#27;[38;5;32m[AndroidUiautomator2Driver@d31a (875603d9)]&amp#27;[0m Waited for 299 ms so far
[debug] &amp#27;[38;5;32m[AndroidUiautomator2Driver@d31a (875603d9)]&amp#27;[0m Matched '/element' to command name 'findElement'
[debug] &amp#27;[38;5;32m[AndroidUiautomator2Driver@d31a (875603d9)]&amp#27;[0m Proxying [POST /element] to [POST http://127.0.0.1:8200/session/e3a29cb9-2bec-47c4-894c-84d6b3d1bd91/element] with body: {"strategy":"id","selector":"com.leanscale.dcafood.zoobaegypt.beta:id/buttonLogin","context":"","multiple":false}
[debug] &amp#27;[38;5;32m[AndroidUiautomator2Driver@d31a (875603d9)]&amp#27;[0m Got response with status 200: {"sessionId":"e3a29cb9-2bec-47c4-894c-84d6b3d1bd91","value":{"ELEMENT":"00000000-0000-0091-ffff-ffff00000032","element-6066-11e4-a52e-4f735466cecf":"00000000-0000-0091-ffff-ffff00000032"}}
[debug] &amp#27;[38;5;32m[AndroidUiautomator2Driver@d31a (875603d9)]&amp#27;[0m Responding to client with driver.findElement() result: {"element-6066-11e4-a52e-4f735466cecf":"00000000-0000-0091-ffff-ffff00000032","ELEMENT":"00000000-0000-0091-ffff-ffff00000032"}
&amp#27;[38;5;0m[HTTP]&amp#27;[0m <-- POST /session/875603d9-c963-4be3-b1ff-1e2296f8f20d/element 200 1342 ms - 137
&amp#27;[38;5;0m[HTTP]&amp#27;[0m 
&amp#27;[38;5;0m[HTTP]&amp#27;[0m &amp#27;[37m-->&amp#27;[39m &amp#27;[37mPOST&amp#27;[39m &amp#27;[37m/session/875603d9-c963-4be3-b1ff-1e2296f8f20d/element/00000000-0000-0091-ffff-ffff00000032/click&amp#27;[39m
&amp#27;[38;5;0m[HTTP]&amp#27;[0m {"id":"00000000-0000-0091-ffff-ffff00000032"}
[debug] &amp#27;[38;5;32m[AndroidUiautomator2Driver@d31a (875603d9)]&amp#27;[0m Calling AppiumDriver.click() with args: ["00000000-0000-0091-ffff-ffff00000032","875603d9-c963-4be3-b1ff-1e2296f8f20d"]
[debug] &amp#27;[38;5;32m[AndroidUiautomator2Driver@d31a (875603d9)]&amp#27;[0m Matched '/element/00000000-0000-0091-ffff-ffff00000032/click' to command name 'click'
[debug] &amp#27;[38;5;32m[AndroidUiautomator2Driver@d31a (875603d9)]&amp#27;[0m Proxying [POST /element/00000000-0000-0091-ffff-ffff00000032/click] to [POST http://127.0.0.1:8200/session/e3a29cb9-2bec-47c4-894c-84d6b3d1bd91/element/00000000-0000-0091-ffff-ffff00000032/click] with body: {"element":"00000000-0000-0091-ffff-ffff00000032"}
[debug] &amp#27;[38;5;32m[AndroidUiautomator2Driver@d31a (875603d9)]&amp#27;[0m Got response with status 200: {"sessionId":"e3a29cb9-2bec-47c4-894c-84d6b3d1bd91","value":null}
[debug] &amp#27;[38;5;32m[AndroidUiautomator2Driver@d31a (875603d9)]&amp#27;[0m Responding to client with driver.click() result: null
&amp#27;[38;5;0m[HTTP]&amp#27;[0m <-- POST /session/875603d9-c963-4be3-b1ff-1e2296f8f20d/element/00000000-0000-0091-ffff-ffff00000032/click 200 85 ms - 14
&amp#27;[38;5;0m[HTTP]&amp#27;[0m 
&amp#27;[38;5;0m[HTTP]&amp#27;[0m &amp#27;[37m-->&amp#27;[39m &amp#27;[37mPOST&amp#27;[39m &amp#27;[37m/session/875603d9-c963-4be3-b1ff-1e2296f8f20d/element&amp#27;[39m
&amp#27;[38;5;0m[HTTP]&amp#27;[0m {"using":"xpath","value":"//android.widget.TextView[@text='Sign up']"}
[debug] &amp#27;[38;5;32m[AndroidUiautomator2Driver@d31a (875603d9)]&amp#27;[0m Calling AppiumDriver.findElement() with args: ["xpath","//android.widget.TextView[@text='Sign up']","875603d9-c963-4be3-b1ff-1e2296f8f20d"]
[debug] &amp#27;[38;5;32m[AndroidUiautomator2Driver@d31a (875603d9)]&amp#27;[0m Valid locator strategies for this request: xpath, id, class name, accessibility id, css selector, -android uiautomator
[debug] &amp#27;[38;5;32m[AndroidUiautomator2Driver@d31a (875603d9)]&amp#27;[0m Waiting up to 10000 ms for condition
[debug] &amp#27;[38;5;32m[AndroidUiautomator2Driver@d31a (875603d9)]&amp#27;[0m Matched '/element' to command name 'findElement'
[debug] &amp#27;[38;5;32m[AndroidUiautomator2Driver@d31a (875603d9)]&amp#27;[0m Proxying [POST /element] to [POST http://127.0.0.1:8200/session/e3a29cb9-2bec-47c4-894c-84d6b3d1bd91/element] with body: {"strategy":"xpath","selector":"//android.widget.TextView[@text='Sign up']","context":"","multiple":false}
[debug] &amp#27;[38;5;32m[AndroidUiautomator2Driver@d31a (875603d9)]&amp#27;[0m Got response with status 200: {"sessionId":"e3a29cb9-2bec-47c4-894c-84d6b3d1bd91","value":{"ELEMENT":"00000000-0000-0093-ffff-ffff0000005e","element-6066-11e4-a52e-4f735466cecf":"00000000-0000-0093-ffff-ffff0000005e"}}
[debug] &amp#27;[38;5;32m[AndroidUiautomator2Driver@d31a (875603d9)]&amp#27;[0m Responding to client with driver.findElement() result: {"element-6066-11e4-a52e-4f735466cecf":"00000000-0000-0093-ffff-ffff0000005e","ELEMENT":"00000000-0000-0093-ffff-ffff0000005e"}
&amp#27;[38;5;0m[HTTP]&amp#27;[0m <-- POST /session/875603d9-c963-4be3-b1ff-1e2296f8f20d/element 200 1572 ms - 137
&amp#27;[38;5;0m[HTTP]&amp#27;[0m 
&amp#27;[38;5;0m[HTTP]&amp#27;[0m &amp#27;[37m-->&amp#27;[39m &amp#27;[37mPOST&amp#27;[39m &amp#27;[37m/session/875603d9-c963-4be3-b1ff-1e2296f8f20d/element/00000000-0000-0093-ffff-ffff0000005e/click&amp#27;[39m
&amp#27;[38;5;0m[HTTP]&amp#27;[0m {"id":"00000000-0000-0093-ffff-ffff0000005e"}
[debug] &amp#27;[38;5;32m[AndroidUiautomator2Driver@d31a (875603d9)]&amp#27;[0m Calling AppiumDriver.click() with args: ["00000000-0000-0093-ffff-ffff0000005e","875603d9-c963-4be3-b1ff-1e2296f8f20d"]
[debug] &amp#27;[38;5;32m[AndroidUiautomator2Driver@d31a (875603d9)]&amp#27;[0m Matched '/element/00000000-0000-0093-ffff-ffff0000005e/click' to command name 'click'
[debug] &amp#27;[38;5;32m[AndroidUiautomator2Driver@d31a (875603d9)]&amp#27;[0m Proxying [POST /element/00000000-0000-0093-ffff-ffff0000005e/click] to [POST http://127.0.0.1:8200/session/e3a29cb9-2bec-47c4-894c-84d6b3d1bd91/element/00000000-0000-0093-ffff-ffff0000005e/click] with body: {"element":"00000000-0000-0093-ffff-ffff0000005e"}
[debug] &amp#27;[38;5;32m[AndroidUiautomator2Driver@d31a (875603d9)]&amp#27;[0m Got response with status 200: {"sessionId":"e3a29cb9-2bec-47c4-894c-84d6b3d1bd91","value":null}
[debug] &amp#27;[38;5;32m[AndroidUiautomator2Driver@d31a (875603d9)]&amp#27;[0m Responding to client with driver.click() result: null
&amp#27;[38;5;0m[HTTP]&amp#27;[0m <-- POST /session/875603d9-c963-4be3-b1ff-1e2296f8f20d/element/00000000-0000-0093-ffff-ffff0000005e/click 200 594 ms - 14
&amp#27;[38;5;0m[HTTP]&amp#27;[0m 
&amp#27;[38;5;0m[HTTP]&amp#27;[0m &amp#27;[37m-->&amp#27;[39m &amp#27;[37mPOST&amp#27;[39m &amp#27;[37m/session/875603d9-c963-4be3-b1ff-1e2296f8f20d/element&amp#27;[39m
&amp#27;[38;5;0m[HTTP]&amp#27;[0m {"using":"id","value":"com.leanscale.dcafood.zoobaegypt.beta:id/imageButtonGoogle"}
[debug] &amp#27;[38;5;32m[AndroidUiautomator2Driver@d31a (875603d9)]&amp#27;[0m Calling AppiumDriver.findElement() with args: ["id","com.leanscale.dcafood.zoobaegypt.beta:id/imageButtonGoogle","875603d9-c963-4be3-b1ff-1e2296f8f20d"]
[debug] &amp#27;[38;5;32m[AndroidUiautomator2Driver@d31a (875603d9)]&amp#27;[0m Valid locator strategies for this request: xpath, id, class name, accessibility id, css selector, -android uiautomator
[debug] &amp#27;[38;5;32m[AndroidUiautomator2Driver@d31a (875603d9)]&amp#27;[0m Waiting up to 10000 ms for condition
[debug] &amp#27;[38;5;32m[AndroidUiautomator2Driver@d31a (875603d9)]&amp#27;[0m Matched '/element' to command name 'findElement'
[debug] &amp#27;[38;5;32m[AndroidUiautomator2Driver@d31a (875603d9)]&amp#27;[0m Proxying [POST /element] to [POST http://127.0.0.1:8200/session/e3a29cb9-2bec-47c4-894c-84d6b3d1bd91/element] with body: {"strategy":"id","selector":"com.leanscale.dcafood.zoobaegypt.beta:id/imageButtonGoogle","context":"","multiple":false}
[debug] &amp#27;[38;5;32m[AndroidUiautomator2Driver@d31a (875603d9)]&amp#27;[0m Got response with status 200: {"sessionId":"e3a29cb9-2bec-47c4-894c-84d6b3d1bd91","value":{"ELEMENT":"00000000-0000-0093-ffff-ffff0000009e","element-6066-11e4-a52e-4f735466cecf":"00000000-0000-0093-ffff-ffff0000009e"}}
[debug] &amp#27;[38;5;32m[AndroidUiautomator2Driver@d31a (875603d9)]&amp#27;[0m Responding to client with driver.findElement() result: {"element-6066-11e4-a52e-4f735466cecf":"00000000-0000-0093-ffff-ffff0000009e","ELEMENT":"00000000-0000-0093-ffff-ffff0000009e"}
&amp#27;[38;5;0m[HTTP]&amp#27;[0m <-- POST /session/875603d9-c963-4be3-b1ff-1e2296f8f20d/element 200 112 ms - 137
&amp#27;[38;5;0m[HTTP]&amp#27;[0m 
&amp#27;[38;5;0m[HTTP]&amp#27;[0m &amp#27;[37m-->&amp#27;[39m &amp#27;[37mPOST&amp#27;[39m &amp#27;[37m/session/875603d9-c963-4be3-b1ff-1e2296f8f20d/element/00000000-0000-0093-ffff-ffff0000009e/click&amp#27;[39m
&amp#27;[38;5;0m[HTTP]&amp#27;[0m {"id":"00000000-0000-0093-ffff-ffff0000009e"}
[debug] &amp#27;[38;5;32m[AndroidUiautomator2Driver@d31a (875603d9)]&amp#27;[0m Calling AppiumDriver.click() with args: ["00000000-0000-0093-ffff-ffff0000009e","875603d9-c963-4be3-b1ff-1e2296f8f20d"]
[debug] &amp#27;[38;5;32m[AndroidUiautomator2Driver@d31a (875603d9)]&amp#27;[0m Matched '/element/00000000-0000-0093-ffff-ffff0000009e/click' to command name 'click'
[debug] &amp#27;[38;5;32m[AndroidUiautomator2Driver@d31a (875603d9)]&amp#27;[0m Proxying [POST /element/00000000-0000-0093-ffff-ffff0000009e/click] to [POST http://127.0.0.1:8200/session/e3a29cb9-2bec-47c4-894c-84d6b3d1bd91/element/00000000-0000-0093-ffff-ffff0000009e/click] with body: {"element":"00000000-0000-0093-ffff-ffff0000009e"}
[debug] &amp#27;[38;5;32m[AndroidUiautomator2Driver@d31a (875603d9)]&amp#27;[0m Got response with status 200: {"sessionId":"e3a29cb9-2bec-47c4-894c-84d6b3d1bd91","value":null}
[debug] &amp#27;[38;5;32m[AndroidUiautomator2Driver@d31a (875603d9)]&amp#27;[0m Responding to client with driver.click() result: null
&amp#27;[38;5;0m[HTTP]&amp#27;[0m <-- POST /session/875603d9-c963-4be3-b1ff-1e2296f8f20d/element/00000000-0000-0093-ffff-ffff0000009e/click 200 499 ms - 14
&amp#27;[38;5;0m[HTTP]&amp#27;[0m 
&amp#27;[38;5;0m[HTTP]&amp#27;[0m &amp#27;[37m-->&amp#27;[39m &amp#27;[37mPOST&amp#27;[39m &amp#27;[37m/session/875603d9-c963-4be3-b1ff-1e2296f8f20d/elements&amp#27;[39m
&amp#27;[38;5;0m[HTTP]&amp#27;[0m {"using":"id","value":"com.google.android.gms:id/account_display_name"}
[debug] &amp#27;[38;5;32m[AndroidUiautomator2Driver@d31a (875603d9)]&amp#27;[0m Calling AppiumDriver.findElements() with args: ["id","com.google.android.gms:id/account_display_name","875603d9-c963-4be3-b1ff-1e2296f8f20d"]
[debug] &amp#27;[38;5;32m[AndroidUiautomator2Driver@d31a (875603d9)]&amp#27;[0m Valid locator strategies for this request: xpath, id, class name, accessibility id, css selector, -android uiautomator
[debug] &amp#27;[38;5;32m[AndroidUiautomator2Driver@d31a (875603d9)]&amp#27;[0m Waiting up to 10000 ms for condition
[debug] &amp#27;[38;5;32m[AndroidUiautomator2Driver@d31a (875603d9)]&amp#27;[0m Matched '/elements' to command name 'findElements'
[debug] &amp#27;[38;5;32m[AndroidUiautomator2Driver@d31a (875603d9)]&amp#27;[0m Proxying [POST /elements] to [POST http://127.0.0.1:8200/session/e3a29cb9-2bec-47c4-894c-84d6b3d1bd91/elements] with body: {"strategy":"id","selector":"com.google.android.gms:id/account_display_name","context":"","multiple":true}
[debug] &amp#27;[38;5;32m[AndroidUiautomator2Driver@d31a (875603d9)]&amp#27;[0m Got response with status 200: {"sessionId":"e3a29cb9-2bec-47c4-894c-84d6b3d1bd91","value":[]}
[debug] &amp#27;[38;5;32m[AndroidUiautomator2Driver@d31a (875603d9)]&amp#27;[0m Waited for 143 ms so far
[debug] &amp#27;[38;5;32m[AndroidUiautomator2Driver@d31a (875603d9)]&amp#27;[0m Matched '/elements' to command name 'findElements'
[debug] &amp#27;[38;5;32m[AndroidUiautomator2Driver@d31a (875603d9)]&amp#27;[0m Proxying [POST /elements] to [POST http://127.0.0.1:8200/session/e3a29cb9-2bec-47c4-894c-84d6b3d1bd91/elements] with body: {"strategy":"id","selector":"com.google.android.gms:id/account_display_name","context":"","multiple":true}
[debug] &amp#27;[38;5;32m[AndroidUiautomator2Driver@d31a (875603d9)]&amp#27;[0m Got response with status 200: {"sessionId":"e3a29cb9-2bec-47c4-894c-84d6b3d1bd91","value":[]}
[debug] &amp#27;[38;5;32m[AndroidUiautomator2Driver@d31a (875603d9)]&amp#27;[0m Waited for 2337 ms so far
[debug] &amp#27;[38;5;32m[AndroidUiautomator2Driver@d31a (875603d9)]&amp#27;[0m Matched '/elements' to command name 'findElements'
[debug] &amp#27;[38;5;32m[AndroidUiautomator2Driver@d31a (875603d9)]&amp#27;[0m Proxying [POST /elements] to [POST http://127.0.0.1:8200/session/e3a29cb9-2bec-47c4-894c-84d6b3d1bd91/elements] with body: {"strategy":"id","selector":"com.google.android.gms:id/account_display_name","context":"","multiple":true}
[debug] &amp#27;[38;5;32m[AndroidUiautomator2Driver@d31a (875603d9)]&amp#27;[0m Got response with status 200: {"sessionId":"e3a29cb9-2bec-47c4-894c-84d6b3d1bd91","value":[]}
[debug] &amp#27;[38;5;32m[AndroidUiautomator2Driver@d31a (875603d9)]&amp#27;[0m Waited for 2919 ms so far
[debug] &amp#27;[38;5;32m[AndroidUiautomator2Driver@d31a (875603d9)]&amp#27;[0m Matched '/elements' to command name 'findElements'
[debug] &amp#27;[38;5;32m[AndroidUiautomator2Driver@d31a (875603d9)]&amp#27;[0m Proxying [POST /elements] to [POST http://127.0.0.1:8200/session/e3a29cb9-2bec-47c4-894c-84d6b3d1bd91/elements] with body: {"strategy":"id","selector":"com.google.android.gms:id/account_display_name","context":"","multiple":true}
[debug] &amp#27;[38;5;32m[AndroidUiautomator2Driver@d31a (875603d9)]&amp#27;[0m Got response with status 200: {"sessionId":"e3a29cb9-2bec-47c4-894c-84d6b3d1bd91","value":[]}
[debug] &amp#27;[38;5;32m[AndroidUiautomator2Driver@d31a (875603d9)]&amp#27;[0m Waited for 3501 ms so far
[debug] &amp#27;[38;5;32m[AndroidUiautomator2Driver@d31a (875603d9)]&amp#27;[0m Matched '/elements' to command name 'findElements'
[debug] &amp#27;[38;5;32m[AndroidUiautomator2Driver@d31a (875603d9)]&amp#27;[0m Proxying [POST /elements] to [POST http://127.0.0.1:8200/session/e3a29cb9-2bec-47c4-894c-84d6b3d1bd91/elements] with body: {"strategy":"id","selector":"com.google.android.gms:id/account_display_name","context":"","multiple":true}
[debug] &amp#27;[38;5;32m[AndroidUiautomator2Driver@d31a (875603d9)]&amp#27;[0m Got response with status 200: {"sessionId":"e3a29cb9-2bec-47c4-894c-84d6b3d1bd91","value":[]}
[debug] &amp#27;[38;5;32m[AndroidUiautomator2Driver@d31a (875603d9)]&amp#27;[0m Waited for 4077 ms so far
[debug] &amp#27;[38;5;32m[AndroidUiautomator2Driver@d31a (875603d9)]&amp#27;[0m Matched '/elements' to command name 'findElements'
[debug] &amp#27;[38;5;32m[AndroidUiautomator2Driver@d31a (875603d9)]&amp#27;[0m Proxying [POST /elements] to [POST http://127.0.0.1:8200/session/e3a29cb9-2bec-47c4-894c-84d6b3d1bd91/elements] with body: {"strategy":"id","selector":"com.google.android.gms:id/account_display_name","context":"","multiple":true}
[debug] &amp#27;[38;5;32m[AndroidUiautomator2Driver@d31a (875603d9)]&amp#27;[0m Got response with status 200: {"sessionId":"e3a29cb9-2bec-47c4-894c-84d6b3d1bd91","value":[]}
[debug] &amp#27;[38;5;32m[AndroidUiautomator2Driver@d31a (875603d9)]&amp#27;[0m Waited for 4625 ms so far
[debug] &amp#27;[38;5;32m[AndroidUiautomator2Driver@d31a (875603d9)]&amp#27;[0m Matched '/elements' to command name 'findElements'
[debug] &amp#27;[38;5;32m[AndroidUiautomator2Driver@d31a (875603d9)]&amp#27;[0m Proxying [POST /elements] to [POST http://127.0.0.1:8200/session/e3a29cb9-2bec-47c4-894c-84d6b3d1bd91/elements] with body: {"strategy":"id","selector":"com.google.android.gms:id/account_display_name","context":"","multiple":true}
[debug] &amp#27;[38;5;32m[AndroidUiautomator2Driver@d31a (875603d9)]&amp#27;[0m Got response with status 200: {"sessionId":"e3a29cb9-2bec-47c4-894c-84d6b3d1bd91","value":[]}
[debug] &amp#27;[38;5;32m[AndroidUiautomator2Driver@d31a (875603d9)]&amp#27;[0m Waited for 5171 ms so far
[debug] &amp#27;[38;5;32m[AndroidUiautomator2Driver@d31a (875603d9)]&amp#27;[0m Matched '/elements' to command name 'findElements'
[debug] &amp#27;[38;5;32m[AndroidUiautomator2Driver@d31a (875603d9)]&amp#27;[0m Proxying [POST /elements] to [POST http://127.0.0.1:8200/session/e3a29cb9-2bec-47c4-894c-84d6b3d1bd91/elements] with body: {"strategy":"id","selector":"com.google.android.gms:id/account_display_name","context":"","multiple":true}
[debug] &amp#27;[38;5;32m[AndroidUiautomator2Driver@d31a (875603d9)]&amp#27;[0m Got response with status 200: {"sessionId":"e3a29cb9-2bec-47c4-894c-84d6b3d1bd91","value":[]}
[debug] &amp#27;[38;5;32m[AndroidUiautomator2Driver@d31a (875603d9)]&amp#27;[0m Waited for 5733 ms so far
[debug] &amp#27;[38;5;32m[AndroidUiautomator2Driver@d31a (875603d9)]&amp#27;[0m Matched '/elements' to command name 'findElements'
[debug] &amp#27;[38;5;32m[AndroidUiautomator2Driver@d31a (875603d9)]&amp#27;[0m Proxying [POST /elements] to [POST http://127.0.0.1:8200/session/e3a29cb9-2bec-47c4-894c-84d6b3d1bd91/elements] with body: {"strategy":"id","selector":"com.google.android.gms:id/account_display_name","context":"","multiple":true}
[debug] &amp#27;[38;5;32m[AndroidUiautomator2Driver@d31a (875603d9)]&amp#27;[0m Got response with status 200: {"sessionId":"e3a29cb9-2bec-47c4-894c-84d6b3d1bd91","value":[]}
[debug] &amp#27;[38;5;32m[AndroidUiautomator2Driver@d31a (875603d9)]&amp#27;[0m Waited for 6304 ms so far
[debug] &amp#27;[38;5;32m[AndroidUiautomator2Driver@d31a (875603d9)]&amp#27;[0m Matched '/elements' to command name 'findElements'
[debug] &amp#27;[38;5;32m[AndroidUiautomator2Driver@d31a (875603d9)]&amp#27;[0m Proxying [POST /elements] to [POST http://127.0.0.1:8200/session/e3a29cb9-2bec-47c4-894c-84d6b3d1bd91/elements] with body: {"strategy":"id","selector":"com.google.android.gms:id/account_display_name","context":"","multiple":true}
[debug] &amp#27;[38;5;32m[AndroidUiautomator2Driver@d31a (875603d9)]&amp#27;[0m Got response with status 200: {"sessionId":"e3a29cb9-2bec-47c4-894c-84d6b3d1bd91","value":[]}
[debug] &amp#27;[38;5;32m[AndroidUiautomator2Driver@d31a (875603d9)]&amp#27;[0m Waited for 6882 ms so far
[debug] &amp#27;[38;5;32m[AndroidUiautomator2Driver@d31a (875603d9)]&amp#27;[0m Matched '/elements' to command name 'findElements'
[debug] &amp#27;[38;5;32m[AndroidUiautomator2Driver@d31a (875603d9)]&amp#27;[0m Proxying [POST /elements] to [POST http://127.0.0.1:8200/session/e3a29cb9-2bec-47c4-894c-84d6b3d1bd91/elements] with body: {"strategy":"id","selector":"com.google.android.gms:id/account_display_name","context":"","multiple":true}
[debug] &amp#27;[38;5;32m[AndroidUiautomator2Driver@d31a (875603d9)]&amp#27;[0m Got response with status 200: {"sessionId":"e3a29cb9-2bec-47c4-894c-84d6b3d1bd91","value":[]}
[debug] &amp#27;[38;5;32m[AndroidUiautomator2Driver@d31a (875603d9)]&amp#27;[0m Waited for 7427 ms so far
[debug] &amp#27;[38;5;32m[AndroidUiautomator2Driver@d31a (875603d9)]&amp#27;[0m Matched '/elements' to command name 'findElements'
[debug] &amp#27;[38;5;32m[AndroidUiautomator2Driver@d31a (875603d9)]&amp#27;[0m Proxying [POST /elements] to [POST http://127.0.0.1:8200/session/e3a29cb9-2bec-47c4-894c-84d6b3d1bd91/elements] with body: {"strategy":"id","selector":"com.google.android.gms:id/account_display_name","context":"","multiple":true}
[debug] &amp#27;[38;5;32m[AndroidUiautomator2Driver@d31a (875603d9)]&amp#27;[0m Got response with status 200: {"sessionId":"e3a29cb9-2bec-47c4-894c-84d6b3d1bd91","value":[]}
[debug] &amp#27;[38;5;32m[AndroidUiautomator2Driver@d31a (875603d9)]&amp#27;[0m Waited for 8006 ms so far
[debug] &amp#27;[38;5;32m[AndroidUiautomator2Driver@d31a (875603d9)]&amp#27;[0m Matched '/elements' to command name 'findElements'
[debug] &amp#27;[38;5;32m[AndroidUiautomator2Driver@d31a (875603d9)]&amp#27;[0m Proxying [POST /elements] to [POST http://127.0.0.1:8200/session/e3a29cb9-2bec-47c4-894c-84d6b3d1bd91/elements] with body: {"strategy":"id","selector":"com.google.android.gms:id/account_display_name","context":"","multiple":true}
[debug] &amp#27;[38;5;32m[AndroidUiautomator2Driver@d31a (875603d9)]&amp#27;[0m Got response with status 200: {"sessionId":"e3a29cb9-2bec-47c4-894c-84d6b3d1bd91","value":[]}
[debug] &amp#27;[38;5;32m[AndroidUiautomator2Driver@d31a (875603d9)]&amp#27;[0m Waited for 8576 ms so far
[debug] &amp#27;[38;5;32m[AndroidUiautomator2Driver@d31a (875603d9)]&amp#27;[0m Matched '/elements' to command name 'findElements'
[debug] &amp#27;[38;5;32m[AndroidUiautomator2Driver@d31a (875603d9)]&amp#27;[0m Proxying [POST /elements] to [POST http://127.0.0.1:8200/session/e3a29cb9-2bec-47c4-894c-84d6b3d1bd91/elements] with body: {"strategy":"id","selector":"com.google.android.gms:id/account_display_name","context":"","multiple":true}
[debug] &amp#27;[38;5;32m[AndroidUiautomator2Driver@d31a (875603d9)]&amp#27;[0m Got response with status 200: {"sessionId":"e3a29cb9-2bec-47c4-894c-84d6b3d1bd91","value":[]}
[debug] &amp#27;[38;5;32m[AndroidUiautomator2Driver@d31a (875603d9)]&amp#27;[0m Waited for 9149 ms so far
[debug] &amp#27;[38;5;32m[AndroidUiautomator2Driver@d31a (875603d9)]&amp#27;[0m Matched '/elements' to command name 'findElements'
[debug] &amp#27;[38;5;32m[AndroidUiautomator2Driver@d31a (875603d9)]&amp#27;[0m Proxying [POST /elements] to [POST http://127.0.0.1:8200/session/e3a29cb9-2bec-47c4-894c-84d6b3d1bd91/elements] with body: {"strategy":"id","selector":"com.google.android.gms:id/account_display_name","context":"","multiple":true}
[debug] &amp#27;[38;5;32m[AndroidUiautomator2Driver@d31a (875603d9)]&amp#27;[0m Got response with status 200: {"sessionId":"e3a29cb9-2bec-47c4-894c-84d6b3d1bd91","value":[]}
[debug] &amp#27;[38;5;32m[AndroidUiautomator2Driver@d31a (875603d9)]&amp#27;[0m Waited for 9720 ms so far
[debug] &amp#27;[38;5;32m[AndroidUiautomator2Driver@d31a (875603d9)]&amp#27;[0m Matched '/elements' to command name 'findElements'
[debug] &amp#27;[38;5;32m[AndroidUiautomator2Driver@d31a (875603d9)]&amp#27;[0m Proxying [POST /elements] to [POST http://127.0.0.1:8200/session/e3a29cb9-2bec-47c4-894c-84d6b3d1bd91/elements] with body: {"strategy":"id","selector":"com.google.android.gms:id/account_display_name","context":"","multiple":true}
[debug] &amp#27;[38;5;32m[AndroidUiautomator2Driver@d31a (875603d9)]&amp#27;[0m Got response with status 200: {"sessionId":"e3a29cb9-2bec-47c4-894c-84d6b3d1bd91","value":[]}
[debug] &amp#27;[38;5;32m[AndroidUiautomator2Driver@d31a (875603d9)]&amp#27;[0m Responding to client with driver.findElements() result: []
&amp#27;[38;5;0m[HTTP]&amp#27;[0m <-- POST /session/875603d9-c963-4be3-b1ff-1e2296f8f20d/elements 200 10096 ms - 12
&amp#27;[38;5;0m[HTTP]&amp#27;[0m 
&amp#27;[38;5;0m[HTTP]&amp#27;[0m &amp#27;[37m-->&amp#27;[39m &amp#27;[37mPOST&amp#27;[39m &amp#27;[37m/session/875603d9-c963-4be3-b1ff-1e2296f8f20d/element&amp#27;[39m
&amp#27;[38;5;0m[HTTP]&amp#27;[0m {"using":"xpath","value":"//android.widget.Button[@text='Next']"}
[debug] &amp#27;[38;5;32m[AndroidUiautomator2Driver@d31a (875603d9)]&amp#27;[0m Calling AppiumDriver.findElement() with args: ["xpath","//android.widget.Button[@text='Next']","875603d9-c963-4be3-b1ff-1e2296f8f20d"]
[debug] &amp#27;[38;5;32m[AndroidUiautomator2Driver@d31a (875603d9)]&amp#27;[0m Valid locator strategies for this request: xpath, id, class name, accessibility id, css selector, -android uiautomator
[debug] &amp#27;[38;5;32m[AndroidUiautomator2Driver@d31a (875603d9)]&amp#27;[0m Waiting up to 10000 ms for condition
[debug] &amp#27;[38;5;32m[AndroidUiautomator2Driver@d31a (875603d9)]&amp#27;[0m Matched '/element' to command name 'findElement'
[debug] &amp#27;[38;5;32m[AndroidUiautomator2Driver@d31a (875603d9)]&amp#27;[0m Proxying [POST /element] to [POST http://127.0.0.1:8200/session/e3a29cb9-2bec-47c4-894c-84d6b3d1bd91/element] with body: {"strategy":"xpath","selector":"//android.widget.Button[@text='Next']","context":"","multiple":false}
&amp#27;[38;5;32m[AndroidUiautomator2Driver@d31a (875603d9)]&amp#27;[0m Got response with status 404: {"sessionId":"e3a29cb9-2bec-47c4-894c-84d6b3d1bd91","value":{"error":"no such element","message":"An element could not be located on the page using the given search parameters","stacktrace":"io.appium.uiautomator2.common.exceptions.ElementNotFoundException: An element could not be located on the page using the given search parameters\n\tat io.appium.uiautomator2.utils.ElementLocationHelpers.findElement(ElementLocationHelpers.java:156)\n\tat io.appium.uiautomator2.handler.FindElement.safeHandle(FindElement.java:60)\n\tat io.appium.uiautomator2.handler.request.SafeRequestHandler.handle(SafeRequestHandler.java:59)\n\tat io.appium.uiautomator2.server.AppiumServlet.handleRequest(AppiumServlet.java:277)\n\tat io.appium.uiautomator2.server.AppiumServlet.handleHttpRequest(AppiumServlet.java:271)\n\tat io.appium.uiautomator2.http.ServerHandler.channelRead(ServerHandler.java:77)\n\tat io.netty.channel.AbstractChannelHandlerContext.invokeChannelRead(AbstractChannelHandlerContext.java:366)\n\tat io.netty.channel.Abstr...
[debug] &amp#27;[38;5;128m[W3C]&amp#27;[0m Matched W3C error code 'no such element' to NoSuchElementError
[debug] &amp#27;[38;5;32m[AndroidUiautomator2Driver@d31a (875603d9)]&amp#27;[0m Waited for 106 ms so far
[debug] &amp#27;[38;5;32m[AndroidUiautomator2Driver@d31a (875603d9)]&amp#27;[0m Matched '/element' to command name 'findElement'
[debug] &amp#27;[38;5;32m[AndroidUiautomator2Driver@d31a (875603d9)]&amp#27;[0m Proxying [POST /element] to [POST http://127.0.0.1:8200/session/e3a29cb9-2bec-47c4-894c-84d6b3d1bd91/element] with body: {"strategy":"xpath","selector":"//android.widget.Button[@text='Next']","context":"","multiple":false}
&amp#27;[38;5;32m[AndroidUiautomator2Driver@d31a (875603d9)]&amp#27;[0m Got response with status 404: {"sessionId":"e3a29cb9-2bec-47c4-894c-84d6b3d1bd91","value":{"error":"no such element","message":"An element could not be located on the page using the given search parameters","stacktrace":"io.appium.uiautomator2.common.exceptions.ElementNotFoundException: An element could not be located on the page using the given search parameters\n\tat io.appium.uiautomator2.utils.ElementLocationHelpers.findElement(ElementLocationHelpers.java:156)\n\tat io.appium.uiautomator2.handler.FindElement.safeHandle(FindElement.java:60)\n\tat io.appium.uiautomator2.handler.request.SafeRequestHandler.handle(SafeRequestHandler.java:59)\n\tat io.appium.uiautomator2.server.AppiumServlet.handleRequest(AppiumServlet.java:277)\n\tat io.appium.uiautomator2.server.AppiumServlet.handleHttpRequest(AppiumServlet.java:271)\n\tat io.appium.uiautomator2.http.ServerHandler.channelRead(ServerHandler.java:77)\n\tat io.netty.channel.AbstractChannelHandlerContext.invokeChannelRead(AbstractChannelHandlerContext.java:366)\n\tat io.netty.channel.Abstr...
[debug] &amp#27;[38;5;128m[W3C]&amp#27;[0m Matched W3C error code 'no such element' to NoSuchElementError
[debug] &amp#27;[38;5;32m[AndroidUiautomator2Driver@d31a (875603d9)]&amp#27;[0m Waited for 713 ms so far
[debug] &amp#27;[38;5;32m[AndroidUiautomator2Driver@d31a (875603d9)]&amp#27;[0m Matched '/element' to command name 'findElement'
[debug] &amp#27;[38;5;32m[AndroidUiautomator2Driver@d31a (875603d9)]&amp#27;[0m Proxying [POST /element] to [POST http://127.0.0.1:8200/session/e3a29cb9-2bec-47c4-894c-84d6b3d1bd91/element] with body: {"strategy":"xpath","selector":"//android.widget.Button[@text='Next']","context":"","multiple":false}
&amp#27;[38;5;32m[AndroidUiautomator2Driver@d31a (875603d9)]&amp#27;[0m Got response with status 404: {"sessionId":"e3a29cb9-2bec-47c4-894c-84d6b3d1bd91","value":{"error":"no such element","message":"An element could not be located on the page using the given search parameters","stacktrace":"io.appium.uiautomator2.common.exceptions.ElementNotFoundException: An element could not be located on the page using the given search parameters\n\tat io.appium.uiautomator2.utils.ElementLocationHelpers.findElement(ElementLocationHelpers.java:156)\n\tat io.appium.uiautomator2.handler.FindElement.safeHandle(FindElement.java:60)\n\tat io.appium.uiautomator2.handler.request.SafeRequestHandler.handle(SafeRequestHandler.java:59)\n\tat io.appium.uiautomator2.server.AppiumServlet.handleRequest(AppiumServlet.java:277)\n\tat io.appium.uiautomator2.server.AppiumServlet.handleHttpRequest(AppiumServlet.java:271)\n\tat io.appium.uiautomator2.http.ServerHandler.channelRead(ServerHandler.java:77)\n\tat io.netty.channel.AbstractChannelHandlerContext.invokeChannelRead(AbstractChannelHandlerContext.java:366)\n\tat io.netty.channel.Abstr...
[debug] &amp#27;[38;5;128m[W3C]&amp#27;[0m Matched W3C error code 'no such element' to NoSuchElementError
[debug] &amp#27;[38;5;32m[AndroidUiautomator2Driver@d31a (875603d9)]&amp#27;[0m Waited for 1328 ms so far
[debug] &amp#27;[38;5;32m[AndroidUiautomator2Driver@d31a (875603d9)]&amp#27;[0m Matched '/element' to command name 'findElement'
[debug] &amp#27;[38;5;32m[AndroidUiautomator2Driver@d31a (875603d9)]&amp#27;[0m Proxying [POST /element] to [POST http://127.0.0.1:8200/session/e3a29cb9-2bec-47c4-894c-84d6b3d1bd91/element] with body: {"strategy":"xpath","selector":"//android.widget.Button[@text='Next']","context":"","multiple":false}
&amp#27;[38;5;32m[AndroidUiautomator2Driver@d31a (875603d9)]&amp#27;[0m Got response with status 404: {"sessionId":"e3a29cb9-2bec-47c4-894c-84d6b3d1bd91","value":{"error":"no such element","message":"An element could not be located on the page using the given search parameters","stacktrace":"io.appium.uiautomator2.common.exceptions.ElementNotFoundException: An element could not be located on the page using the given search parameters\n\tat io.appium.uiautomator2.utils.ElementLocationHelpers.findElement(ElementLocationHelpers.java:156)\n\tat io.appium.uiautomator2.handler.FindElement.safeHandle(FindElement.java:60)\n\tat io.appium.uiautomator2.handler.request.SafeRequestHandler.handle(SafeRequestHandler.java:59)\n\tat io.appium.uiautomator2.server.AppiumServlet.handleRequest(AppiumServlet.java:277)\n\tat io.appium.uiautomator2.server.AppiumServlet.handleHttpRequest(AppiumServlet.java:271)\n\tat io.appium.uiautomator2.http.ServerHandler.channelRead(ServerHandler.java:77)\n\tat io.netty.channel.AbstractChannelHandlerContext.invokeChannelRead(AbstractChannelHandlerContext.java:366)\n\tat io.netty.channel.Abstr...
[debug] &amp#27;[38;5;128m[W3C]&amp#27;[0m Matched W3C error code 'no such element' to NoSuchElementError
[debug] &amp#27;[38;5;32m[AndroidUiautomator2Driver@d31a (875603d9)]&amp#27;[0m Waited for 1932 ms so far
[debug] &amp#27;[38;5;32m[AndroidUiautomator2Driver@d31a (875603d9)]&amp#27;[0m Matched '/element' to command name 'findElement'
[debug] &amp#27;[38;5;32m[AndroidUiautomator2Driver@d31a (875603d9)]&amp#27;[0m Proxying [POST /element] to [POST http://127.0.0.1:8200/session/e3a29cb9-2bec-47c4-894c-84d6b3d1bd91/element] with body: {"strategy":"xpath","selector":"//android.widget.Button[@text='Next']","context":"","multiple":false}
&amp#27;[38;5;32m[AndroidUiautomator2Driver@d31a (875603d9)]&amp#27;[0m Got response with status 404: {"sessionId":"e3a29cb9-2bec-47c4-894c-84d6b3d1bd91","value":{"error":"no such element","message":"An element could not be located on the page using the given search parameters","stacktrace":"io.appium.uiautomator2.common.exceptions.ElementNotFoundException: An element could not be located on the page using the given search parameters\n\tat io.appium.uiautomator2.utils.ElementLocationHelpers.findElement(ElementLocationHelpers.java:156)\n\tat io.appium.uiautomator2.handler.FindElement.safeHandle(FindElement.java:60)\n\tat io.appium.uiautomator2.handler.request.SafeRequestHandler.handle(SafeRequestHandler.java:59)\n\tat io.appium.uiautomator2.server.AppiumServlet.handleRequest(AppiumServlet.java:277)\n\tat io.appium.uiautomator2.server.AppiumServlet.handleHttpRequest(AppiumServlet.java:271)\n\tat io.appium.uiautomator2.http.ServerHandler.channelRead(ServerHandler.java:77)\n\tat io.netty.channel.AbstractChannelHandlerContext.invokeChannelRead(AbstractChannelHandlerContext.java:366)\n\tat io.netty.channel.Abstr...
[debug] &amp#27;[38;5;128m[W3C]&amp#27;[0m Matched W3C error code 'no such element' to NoSuchElementError
[debug] &amp#27;[38;5;32m[AndroidUiautomator2Driver@d31a (875603d9)]&amp#27;[0m Waited for 2531 ms so far
[debug] &amp#27;[38;5;32m[AndroidUiautomator2Driver@d31a (875603d9)]&amp#27;[0m Matched '/element' to command name 'findElement'
[debug] &amp#27;[38;5;32m[AndroidUiautomator2Driver@d31a (875603d9)]&amp#27;[0m Proxying [POST /element] to [POST http://127.0.0.1:8200/session/e3a29cb9-2bec-47c4-894c-84d6b3d1bd91/element] with body: {"strategy":"xpath","selector":"//android.widget.Button[@text='Next']","context":"","multiple":false}
[...]
[debug] &amp#27;[38;5;128m[W3C]&amp#27;[0m Matched W3C error code 'no such element' to NoSuchElementError
[debug] &amp#27;[38;5;32m[AndroidUiautomator2Driver@7597 (d1263c7b)]&amp#27;[0m Waited for 4458 ms so far
[debug] &amp#27;[38;5;32m[AndroidUiautomator2Driver@7597 (d1263c7b)]&amp#27;[0m Matched '/element' to command name 'findElement'
[debug] &amp#27;[38;5;32m[AndroidUiautomator2Driver@7597 (d1263c7b)]&amp#27;[0m Proxying [POST /element] to [POST http://127.0.0.1:8200/session/34d775fd-0767-4cc8-a6e5-aeb7685f0075/element] with body: {"strategy":"id","selector":"com.leanscale.dcafood.zoobaegypt.beta:id/buttonLater","context":"","multiple":false}
&amp#27;[38;5;32m[AndroidUiautomator2Driver@7597 (d1263c7b)]&amp#27;[0m Got response with status 404: {"sessionId":"34d775fd-0767-4cc8-a6e5-aeb7685f0075","value":{"error":"no such element","message":"An element could not be located on the page using the given search parameters","stacktrace":"io.appium.uiautomator2.common.exceptions.ElementNotFoundException: An element could not be located on the page using the given search parameters\n\tat io.appium.uiautomator2.handler.FindElement.safeHandle(FindElement.java:63)\n\tat io.appium.uiautomator2.handler.request.SafeRequestHandler.handle(SafeRequestHandler.java:59)\n\tat io.appium.uiautomator2.server.AppiumServlet.handleRequest(AppiumServlet.java:277)\n\tat io.appium.uiautomator2.server.AppiumServlet.handleHttpRequest(AppiumServlet.java:271)\n\tat io.appium.uiautomator2.http.ServerHandler.channelRead(ServerHandler.java:77)\n\tat io.netty.channel.AbstractChannelHandlerContext.invokeChannelRead(AbstractChannelHandlerContext.java:366)\n\tat io.netty.channel.AbstractChannelHandlerContext.invokeChannelRead(AbstractChannelHandlerContext.java:352)\n\tat io.netty.chann...
[debug] &amp#27;[38;5;128m[W3C]&amp#27;[0m Matched W3C error code 'no such element' to NoSuchElementError
[debug] &amp#27;[38;5;32m[AndroidUiautomator2Driver@7597 (d1263c7b)]&amp#27;[0m Waited for 5025 ms so far
[debug] &amp#27;[38;5;32m[AndroidUiautomator2Driver@7597 (d1263c7b)]&amp#27;[0m Matched '/element' to command name 'findElement'
[debug] &amp#27;[38;5;32m[AndroidUiautomator2Driver@7597 (d1263c7b)]&amp#27;[0m Proxying [POST /element] to [POST http://127.0.0.1:8200/session/34d775fd-0767-4cc8-a6e5-aeb7685f0075/element] with body: {"strategy":"id","selector":"com.leanscale.dcafood.zoobaegypt.beta:id/buttonLater","context":"","multiple":false}
&amp#27;[38;5;32m[AndroidUiautomator2Driver@7597 (d1263c7b)]&amp#27;[0m Got response with status 404: {"sessionId":"34d775fd-0767-4cc8-a6e5-aeb7685f0075","value":{"error":"no such element","message":"An element could not be located on the page using the given search parameters","stacktrace":"io.appium.uiautomator2.common.exceptions.ElementNotFoundException: An element could not be located on the page using the given search parameters\n\tat io.appium.uiautomator2.handler.FindElement.safeHandle(FindElement.java:63)\n\tat io.appium.uiautomator2.handler.request.SafeRequestHandler.handle(SafeRequestHandler.java:59)\n\tat io.appium.uiautomator2.server.AppiumServlet.handleRequest(AppiumServlet.java:277)\n\tat io.appium.uiautomator2.server.AppiumServlet.handleHttpRequest(AppiumServlet.java:271)\n\tat io.appium.uiautomator2.http.ServerHandler.channelRead(ServerHandler.java:77)\n\tat io.netty.channel.AbstractChannelHandlerContext.invokeChannelRead(AbstractChannelHandlerContext.java:366)\n\tat io.netty.channel.AbstractChannelHandlerContext.invokeChannelRead(AbstractChannelHandlerContext.java:352)\n\tat io.netty.chann...
[debug] &amp#27;[38;5;128m[W3C]&amp#27;[0m Matched W3C error code 'no such element' to NoSuchElementError
[debug] &amp#27;[38;5;32m[AndroidUiautomator2Driver@7597 (d1263c7b)]&amp#27;[0m Waited for 5597 ms so far
[debug] &amp#27;[38;5;32m[AndroidUiautomator2Driver@7597 (d1263c7b)]&amp#27;[0m Matched '/element' to command name 'findElement'
[debug] &amp#27;[38;5;32m[AndroidUiautomator2Driver@7597 (d1263c7b)]&amp#27;[0m Proxying [POST /element] to [POST http://127.0.0.1:8200/session/34d775fd-0767-4cc8-a6e5-aeb7685f0075/element] with body: {"strategy":"id","selector":"com.leanscale.dcafood.zoobaegypt.beta:id/buttonLater","context":"","multiple":false}
&amp#27;[38;5;32m[AndroidUiautomator2Driver@7597 (d1263c7b)]&amp#27;[0m Got response with status 404: {"sessionId":"34d775fd-0767-4cc8-a6e5-aeb7685f0075","value":{"error":"no such element","message":"An element could not be located on the page using the given search parameters","stacktrace":"io.appium.uiautomator2.common.exceptions.ElementNotFoundException: An element could not be located on the page using the given search parameters\n\tat io.appium.uiautomator2.handler.FindElement.safeHandle(FindElement.java:63)\n\tat io.appium.uiautomator2.handler.request.SafeRequestHandler.handle(SafeRequestHandler.java:59)\n\tat io.appium.uiautomator2.server.AppiumServlet.handleRequest(AppiumServlet.java:277)\n\tat io.appium.uiautomator2.server.AppiumServlet.handleHttpRequest(AppiumServlet.java:271)\n\tat io.appium.uiautomator2.http.ServerHandler.channelRead(ServerHandler.java:77)\n\tat io.netty.channel.AbstractChannelHandlerContext.invokeChannelRead(AbstractChannelHandlerContext.java:366)\n\tat io.netty.channel.AbstractChannelHandlerContext.invokeChannelRead(AbstractChannelHandlerContext.java:352)\n\tat io.netty.chann...
[debug] &amp#27;[38;5;128m[W3C]&amp#27;[0m Matched W3C error code 'no such element' to NoSuchElementError
[debug] &amp#27;[38;5;32m[AndroidUiautomator2Driver@7597 (d1263c7b)]&amp#27;[0m Waited for 6147 ms so far
[debug] &amp#27;[38;5;32m[AndroidUiautomator2Driver@7597 (d1263c7b)]&amp#27;[0m Matched '/element' to command name 'findElement'
[debug] &amp#27;[38;5;32m[AndroidUiautomator2Driver@7597 (d1263c7b)]&amp#27;[0m Proxying [POST /element] to [POST http://127.0.0.1:8200/session/34d775fd-0767-4cc8-a6e5-aeb7685f0075/element] with body: {"strategy":"id","selector":"com.leanscale.dcafood.zoobaegypt.beta:id/buttonLater","context":"","multiple":false}
&amp#27;[38;5;32m[AndroidUiautomator2Driver@7597 (d1263c7b)]&amp#27;[0m Got response with status 404: {"sessionId":"34d775fd-0767-4cc8-a6e5-aeb7685f0075","value":{"error":"no such element","message":"An element could not be located on the page using the given search parameters","stacktrace":"io.appium.uiautomator2.common.exceptions.ElementNotFoundException: An element could not be located on the page using the given search parameters\n\tat io.appium.uiautomator2.handler.FindElement.safeHandle(FindElement.java:63)\n\tat io.appium.uiautomator2.handler.request.SafeRequestHandler.handle(SafeRequestHandler.java:59)\n\tat io.appium.uiautomator2.server.AppiumServlet.handleRequest(AppiumServlet.java:277)\n\tat io.appium.uiautomator2.server.AppiumServlet.handleHttpRequest(AppiumServlet.java:271)\n\tat io.appium.uiautomator2.http.ServerHandler.channelRead(ServerHandler.java:77)\n\tat io.netty.channel.AbstractChannelHandlerContext.invokeChannelRead(AbstractChannelHandlerContext.java:366)\n\tat io.netty.channel.AbstractChannelHandlerContext.invokeChannelRead(AbstractChannelHandlerContext.java:352)\n\tat io.netty.chann...
[debug] &amp#27;[38;5;128m[W3C]&amp#27;[0m Matched W3C error code 'no such element' to NoSuchElementError
[debug] &amp#27;[38;5;32m[AndroidUiautomator2Driver@7597 (d1263c7b)]&amp#27;[0m Waited for 6695 ms so far
[debug] &amp#27;[38;5;32m[AndroidUiautomator2Driver@7597 (d1263c7b)]&amp#27;[0m Matched '/element' to command name 'findElement'
[debug] &amp#27;[38;5;32m[AndroidUiautomator2Driver@7597 (d1263c7b)]&amp#27;[0m Proxying [POST /element] to [POST http://127.0.0.1:8200/session/34d775fd-0767-4cc8-a6e5-aeb7685f0075/element] with body: {"strategy":"id","selector":"com.leanscale.dcafood.zoobaegypt.beta:id/buttonLater","context":"","multiple":false}
&amp#27;[38;5;32m[AndroidUiautomator2Driver@7597 (d1263c7b)]&amp#27;[0m Got response with status 404: {"sessionId":"34d775fd-0767-4cc8-a6e5-aeb7685f0075","value":{"error":"no such element","message":"An element could not be located on the page using the given search parameters","stacktrace":"io.appium.uiautomator2.common.exceptions.ElementNotFoundException: An element could not be located on the page using the given search parameters\n\tat io.appium.uiautomator2.handler.FindElement.safeHandle(FindElement.java:63)\n\tat io.appium.uiautomator2.handler.request.SafeRequestHandler.handle(SafeRequestHandler.java:59)\n\tat io.appium.uiautomator2.server.AppiumServlet.handleRequest(AppiumServlet.java:277)\n\tat io.appium.uiautomator2.server.AppiumServlet.handleHttpRequest(AppiumServlet.java:271)\n\tat io.appium.uiautomator2.http.ServerHandler.channelRead(ServerHandler.java:77)\n\tat io.netty.channel.AbstractChannelHandlerContext.invokeChannelRead(AbstractChannelHandlerContext.java:366)\n\tat io.netty.channel.AbstractChannelHandlerContext.invokeChannelRead(AbstractChannelHandlerContext.java:352)\n\tat io.netty.chann...
[debug] &amp#27;[38;5;128m[W3C]&amp#27;[0m Matched W3C error code 'no such element' to NoSuchElementError
[debug] &amp#27;[38;5;32m[AndroidUiautomator2Driver@7597 (d1263c7b)]&amp#27;[0m Waited for 7238 ms so far
[debug] &amp#27;[38;5;32m[AndroidUiautomator2Driver@7597 (d1263c7b)]&amp#27;[0m Matched '/element' to command name 'findElement'
[debug] &amp#27;[38;5;32m[AndroidUiautomator2Driver@7597 (d1263c7b)]&amp#27;[0m Proxying [POST /element] to [POST http://127.0.0.1:8200/session/34d775fd-0767-4cc8-a6e5-aeb7685f0075/element] with body: {"strategy":"id","selector":"com.leanscale.dcafood.zoobaegypt.beta:id/buttonLater","context":"","multiple":false}
&amp#27;[38;5;32m[AndroidUiautomator2Driver@7597 (d1263c7b)]&amp#27;[0m Got response with status 404: {"sessionId":"34d775fd-0767-4cc8-a6e5-aeb7685f0075","value":{"error":"no such element","message":"An element could not be located on the page using the given search parameters","stacktrace":"io.appium.uiautomator2.common.exceptions.ElementNotFoundException: An element could not be located on the page using the given search parameters\n\tat io.appium.uiautomator2.handler.FindElement.safeHandle(FindElement.java:63)\n\tat io.appium.uiautomator2.handler.request.SafeRequestHandler.handle(SafeRequestHandler.java:59)\n\tat io.appium.uiautomator2.server.AppiumServlet.handleRequest(AppiumServlet.java:277)\n\tat io.appium.uiautomator2.server.AppiumServlet.handleHttpRequest(AppiumServlet.java:271)\n\tat io.appium.uiautomator2.http.ServerHandler.channelRead(ServerHandler.java:77)\n\tat io.netty.channel.AbstractChannelHandlerContext.invokeChannelRead(AbstractChannelHandlerContext.java:366)\n\tat io.netty.channel.AbstractChannelHandlerContext.invokeChannelRead(AbstractChannelHandlerContext.java:352)\n\tat io.netty.chann...
[debug] &amp#27;[38;5;128m[W3C]&amp#27;[0m Matched W3C error code 'no such element' to NoSuchElementError
[debug] &amp#27;[38;5;32m[AndroidUiautomator2Driver@7597 (d1263c7b)]&amp#27;[0m Waited for 7796 ms so far
[debug] &amp#27;[38;5;32m[AndroidUiautomator2Driver@7597 (d1263c7b)]&amp#27;[0m Matched '/element' to command name 'findElement'
[debug] &amp#27;[38;5;32m[AndroidUiautomator2Driver@7597 (d1263c7b)]&amp#27;[0m Proxying [POST /element] to [POST http://127.0.0.1:8200/session/34d775fd-0767-4cc8-a6e5-aeb7685f0075/element] with body: {"strategy":"id","selector":"com.leanscale.dcafood.zoobaegypt.beta:id/buttonLater","context":"","multiple":false}
&amp#27;[38;5;32m[AndroidUiautomator2Driver@7597 (d1263c7b)]&amp#27;[0m Got response with status 404: {"sessionId":"34d775fd-0767-4cc8-a6e5-aeb7685f0075","value":{"error":"no such element","message":"An element could not be located on the page using the given search parameters","stacktrace":"io.appium.uiautomator2.common.exceptions.ElementNotFoundException: An element could not be located on the page using the given search parameters\n\tat io.appium.uiautomator2.handler.FindElement.safeHandle(FindElement.java:63)\n\tat io.appium.uiautomator2.handler.request.SafeRequestHandler.handle(SafeRequestHandler.java:59)\n\tat io.appium.uiautomator2.server.AppiumServlet.handleRequest(AppiumServlet.java:277)\n\tat io.appium.uiautomator2.server.AppiumServlet.handleHttpRequest(AppiumServlet.java:271)\n\tat io.appium.uiautomator2.http.ServerHandler.channelRead(ServerHandler.java:77)\n\tat io.netty.channel.AbstractChannelHandlerContext.invokeChannelRead(AbstractChannelHandlerContext.java:366)\n\tat io.netty.channel.AbstractChannelHandlerContext.invokeChannelRead(AbstractChannelHandlerContext.java:352)\n\tat io.netty.chann...
[debug] &amp#27;[38;5;128m[W3C]&amp#27;[0m Matched W3C error code 'no such element' to NoSuchElementError
[debug] &amp#27;[38;5;32m[AndroidUiautomator2Driver@7597 (d1263c7b)]&amp#27;[0m Waited for 8381 ms so far
[debug] &amp#27;[38;5;32m[AndroidUiautomator2Driver@7597 (d1263c7b)]&amp#27;[0m Matched '/element' to command name 'findElement'
[debug] &amp#27;[38;5;32m[AndroidUiautomator2Driver@7597 (d1263c7b)]&amp#27;[0m Proxying [POST /element] to [POST http://127.0.0.1:8200/session/34d775fd-0767-4cc8-a6e5-aeb7685f0075/element] with body: {"strategy":"id","selector":"com.leanscale.dcafood.zoobaegypt.beta:id/buttonLater","context":"","multiple":false}
&amp#27;[38;5;32m[AndroidUiautomator2Driver@7597 (d1263c7b)]&amp#27;[0m Got response with status 404: {"sessionId":"34d775fd-0767-4cc8-a6e5-aeb7685f0075","value":{"error":"no such element","message":"An element could not be located on the page using the given search parameters","stacktrace":"io.appium.uiautomator2.common.exceptions.ElementNotFoundException: An element could not be located on the page using the given search parameters\n\tat io.appium.uiautomator2.handler.FindElement.safeHandle(FindElement.java:63)\n\tat io.appium.uiautomator2.handler.request.SafeRequestHandler.handle(SafeRequestHandler.java:59)\n\tat io.appium.uiautomator2.server.AppiumServlet.handleRequest(AppiumServlet.java:277)\n\tat io.appium.uiautomator2.server.AppiumServlet.handleHttpRequest(AppiumServlet.java:271)\n\tat io.appium.uiautomator2.http.ServerHandler.channelRead(ServerHandler.java:77)\n\tat io.netty.channel.AbstractChannelHandlerContext.invokeChannelRead(AbstractChannelHandlerContext.java:366)\n\tat io.netty.channel.AbstractChannelHandlerContext.invokeChannelRead(AbstractChannelHandlerContext.java:352)\n\tat io.netty.chann...
[debug] &amp#27;[38;5;128m[W3C]&amp#27;[0m Matched W3C error code 'no such element' to NoSuchElementError
[debug] &amp#27;[38;5;32m[AndroidUiautomator2Driver@7597 (d1263c7b)]&amp#27;[0m Waited for 9402 ms so far
[debug] &amp#27;[38;5;32m[AndroidUiautomator2Driver@7597 (d1263c7b)]&amp#27;[0m Matched '/element' to command name 'findElement'
[debug] &amp#27;[38;5;32m[AndroidUiautomator2Driver@7597 (d1263c7b)]&amp#27;[0m Proxying [POST /element] to [POST http://127.0.0.1:8200/session/34d775fd-0767-4cc8-a6e5-aeb7685f0075/element] with body: {"strategy":"id","selector":"com.leanscale.dcafood.zoobaegypt.beta:id/buttonLater","context":"","multiple":false}
&amp#27;[38;5;32m[AndroidUiautomator2Driver@7597 (d1263c7b)]&amp#27;[0m Got response with status 404: {"sessionId":"34d775fd-0767-4cc8-a6e5-aeb7685f0075","value":{"error":"no such element","message":"An element could not be located on the page using the given search parameters","stacktrace":"io.appium.uiautomator2.common.exceptions.ElementNotFoundException: An element could not be located on the page using the given search parameters\n\tat io.appium.uiautomator2.handler.FindElement.safeHandle(FindElement.java:63)\n\tat io.appium.uiautomator2.handler.request.SafeRequestHandler.handle(SafeRequestHandler.java:59)\n\tat io.appium.uiautomator2.server.AppiumServlet.handleRequest(AppiumServlet.java:277)\n\tat io.appium.uiautomator2.server.AppiumServlet.handleHttpRequest(AppiumServlet.java:271)\n\tat io.appium.uiautomator2.http.ServerHandler.channelRead(ServerHandler.java:77)\n\tat io.netty.channel.AbstractChannelHandlerContext.invokeChannelRead(AbstractChannelHandlerContext.java:366)\n\tat io.netty.channel.AbstractChannelHandlerContext.invokeChannelRead(AbstractChannelHandlerContext.java:352)\n\tat io.netty.chann...
[debug] &amp#27;[38;5;128m[W3C]&amp#27;[0m Matched W3C error code 'no such element' to NoSuchElementError
[debug] &amp#27;[38;5;32m[AndroidUiautomator2Driver@7597 (d1263c7b)]&amp#27;[0m Waited for 9963 ms so far
[debug] &amp#27;[38;5;32m[AndroidUiautomator2Driver@7597 (d1263c7b)]&amp#27;[0m Matched '/element' to command name 'findElement'
[debug] &amp#27;[38;5;32m[AndroidUiautomator2Driver@7597 (d1263c7b)]&amp#27;[0m Proxying [POST /element] to [POST http://127.0.0.1:8200/session/34d775fd-0767-4cc8-a6e5-aeb7685f0075/element] with body: {"strategy":"id","selector":"com.leanscale.dcafood.zoobaegypt.beta:id/buttonLater","context":"","multiple":false}
&amp#27;[38;5;32m[AndroidUiautomator2Driver@7597 (d1263c7b)]&amp#27;[0m Got response with status 404: {"sessionId":"34d775fd-0767-4cc8-a6e5-aeb7685f0075","value":{"error":"no such element","message":"An element could not be located on the page using the given search parameters","stacktrace":"io.appium.uiautomator2.common.exceptions.ElementNotFoundException: An element could not be located on the page using the given search parameters\n\tat io.appium.uiautomator2.handler.FindElement.safeHandle(FindElement.java:63)\n\tat io.appium.uiautomator2.handler.request.SafeRequestHandler.handle(SafeRequestHandler.java:59)\n\tat io.appium.uiautomator2.server.AppiumServlet.handleRequest(AppiumServlet.java:277)\n\tat io.appium.uiautomator2.server.AppiumServlet.handleHttpRequest(AppiumServlet.java:271)\n\tat io.appium.uiautomator2.http.ServerHandler.channelRead(ServerHandler.java:77)\n\tat io.netty.channel.AbstractChannelHandlerContext.invokeChannelRead(AbstractChannelHandlerContext.java:366)\n\tat io.netty.channel.AbstractChannelHandlerContext.invokeChannelRead(AbstractChannelHandlerContext.java:352)\n\tat io.netty.chann...
[debug] &amp#27;[38;5;128m[W3C]&amp#27;[0m Matched W3C error code 'no such element' to NoSuchElementError
[debug] &amp#27;[38;5;32m[AndroidUiautomator2Driver@7597 (d1263c7b)]&amp#27;[0m Encountered internal error running command: NoSuchElementError: An element could not be located on the page using the given search parameters.
[debug] &amp#27;[38;5;32m[AndroidUiautomator2Driver@7597 (d1263c7b)]&amp#27;[0m     at AndroidUiautomator2Driver.findElOrEls (/Users/dori/.appium/node_modules/appium-uiautomator2-driver/node_modules/appium-android-driver/lib/commands/find.js:75:11)
[debug] &amp#27;[38;5;32m[AndroidUiautomator2Driver@7597 (d1263c7b)]&amp#27;[0m     at processTicksAndRejections (node:internal/process/task_queues:96:5)
[debug] &amp#27;[38;5;32m[AndroidUiautomator2Driver@7597 (d1263c7b)]&amp#27;[0m     at AndroidUiautomator2Driver.findElOrElsWithProcessing (/usr/local/lib/node_modules/appium/node_modules/@appium/base-driver/lib/basedriver/commands/find.ts:60:12)
[debug] &amp#27;[38;5;32m[AndroidUiautomator2Driver@7597 (d1263c7b)]&amp#27;[0m     at AndroidUiautomator2Driver.findElement (/usr/local/lib/node_modules/appium/node_modules/@appium/base-driver/lib/basedriver/commands/find.ts:75:12)
&amp#27;[38;5;0m[HTTP]&amp#27;[0m <-- POST /session/d1263c7b-1e71-47d6-a04a-a092861b2d11/element 404 10094 ms - 809
&amp#27;[38;5;0m[HTTP]&amp#27;[0m 
]]></system-out>
  </testcase>
  <testcase name="loginWithMobileNumber" classname="org.RegressionTests.LoginTests" time="32.7"/>
</testsuite>